\BOOKMARK [0][-]{toc.0}{\376\377\166\356\000\040\137\125}{}% 1
\BOOKMARK [0][-]{chapter.1}{\376\377\173\054\0001\172\340\000\040\176\352\213\272}{}% 2
\BOOKMARK [1][-]{section.1.1}{\376\377\0001\000.\0001\000\040\170\024\172\166\200\314\146\157\124\214\141\017\116\111}{chapter.1}% 3
\BOOKMARK [1][-]{section.1.2}{\376\377\0001\000.\0002\000\040\170\024\172\166\163\260\162\266}{chapter.1}% 4
\BOOKMARK [2][-]{subsection.1.2.1}{\376\377\0001\000.\0002\000.\0001\000\040\126\375\121\205\170\024\172\166\163\260\162\266}{section.1.2}% 5
\BOOKMARK [2][-]{subsection.1.2.2}{\376\377\0001\000.\0002\000.\0002\000\040\126\375\131\026\170\024\172\166\163\260\162\266}{section.1.2}% 6
\BOOKMARK [1][-]{section.1.3}{\376\377\0001\000.\0003\000\040\116\073\211\201\135\345\117\134}{chapter.1}% 7
\BOOKMARK [1][-]{section.1.4}{\376\377\0001\000.\0004\000\040\121\167\117\123\213\276\213\241\121\205\133\271}{chapter.1}% 8
\BOOKMARK [1][-]{section.1.5}{\376\377\0001\000.\0005\000\040\172\340\202\202\133\211\143\222}{chapter.1}% 9
\BOOKMARK [0][-]{chapter.2}{\376\377\173\054\0002\172\340\000\040\133\236\163\260\142\200\147\057\116\313\176\315}{}% 10
\BOOKMARK [1][-]{section.2.1}{\376\377\0002\000.\0001\000\040\000G\000e\000o\000S\000e\000r\000v\000e\000r}{chapter.2}% 11
\BOOKMARK [1][-]{section.2.2}{\376\377\0002\000.\0002\000\040\000O\000p\000e\000n\000l\000a\000y\000e\000r\000s}{chapter.2}% 12
\BOOKMARK [0][-]{chapter.3}{\376\377\173\054\0003\172\340\000\040\226\350\154\064\215\104\156\220\000G\000I\000S\116\023\230\230\126\376\227\000\154\102\122\006\147\220}{}% 13
\BOOKMARK [1][-]{section.3.1}{\376\377\0003\000.\0001\000\040\116\023\230\230\126\376\140\073\117\123\151\202\217\360}{chapter.3}% 14
\BOOKMARK [2][-]{subsection.3.1.1}{\376\377\0003\000.\0001\000.\0001\000\040\174\373\176\337\134\136\140\047}{section.3.1}% 15
\BOOKMARK [2][-]{subsection.3.1.2}{\376\377\0003\000.\0001\000.\0002\000\040\137\000\123\321\200\314\146\157}{section.3.1}% 16
\BOOKMARK [2][-]{subsection.3.1.3}{\376\377\0003\000.\0001\000.\0003\000\040\122\237\200\375\151\202\217\360}{section.3.1}% 17
\BOOKMARK [2][-]{subsection.3.1.4}{\376\377\0003\000.\0001\000.\0004\000\040\165\050\142\067\162\171\160\271}{section.3.1}% 18
\BOOKMARK [1][-]{section.3.2}{\376\377\0003\000.\0002\000\040\121\167\117\123\227\000\154\102}{chapter.3}% 19
\BOOKMARK [2][-]{subsection.3.2.1}{\376\377\0003\000.\0002\000.\0001\000\040\122\237\200\375\227\000\154\102}{section.3.2}% 20
\BOOKMARK [2][-]{subsection.3.2.2}{\376\377\0003\000.\0002\000.\0002\000\040\140\047\200\375\227\000\154\102}{section.3.2}% 21
\BOOKMARK [2][-]{subsection.3.2.3}{\376\377\0003\000.\0002\000.\0003\000\040\165\114\227\142\227\000\154\102}{section.3.2}% 22
\BOOKMARK [2][-]{subsection.3.2.4}{\376\377\0003\000.\0002\000.\0004\000\040\143\245\123\343\227\000\154\102}{section.3.2}% 23
\BOOKMARK [0][-]{chapter.4}{\376\377\173\054\0004\172\340\000\040\226\350\154\064\215\104\156\220\000G\000I\000S\116\023\230\230\126\376\140\073\117\123\213\276\213\241}{}% 24
\BOOKMARK [1][-]{section.4.1}{\376\377\0004\000.\0001\000\040\213\276\213\241\140\035\215\357}{chapter.4}% 25
\BOOKMARK [1][-]{section.4.2}{\376\377\0004\000.\0002\000\040\122\237\200\375\213\276\213\241}{chapter.4}% 26
\BOOKMARK [2][-]{subsection.4.2.1}{\376\377\0004\000.\0002\000.\0001\000\040\122\237\200\375\143\317\217\360}{section.4.2}% 27
\BOOKMARK [2][-]{subsection.4.2.2}{\376\377\0004\000.\0002\000.\0002\000\040\122\237\200\375\211\306\126\376}{section.4.2}% 28
\BOOKMARK [1][-]{section.4.3}{\376\377\0004\000.\0003\000\040\145\160\143\156\136\223\213\276\213\241}{chapter.4}% 29
\BOOKMARK [2][-]{subsection.4.3.1}{\376\377\0004\000.\0003\000.\0001\000\040\154\263\155\101\145\160\143\156\136\223\213\276\213\241}{section.4.3}% 30
\BOOKMARK [2][-]{subsection.4.3.2}{\376\377\0004\000.\0003\000.\0002\000\040\204\304\154\064\154\140\145\160\143\156\136\223\213\276\213\241}{section.4.3}% 31
\BOOKMARK [2][-]{subsection.4.3.3}{\376\377\0004\000.\0003\000.\0003\000\040\154\064\136\223\145\160\143\156\136\223\213\276\213\241}{section.4.3}% 32
\BOOKMARK [2][-]{subsection.4.3.4}{\376\377\0004\000.\0003\000.\0004\000\040\154\141\154\064\145\160\143\156\136\223\213\276\213\241}{section.4.3}% 33
\BOOKMARK [2][-]{subsection.4.3.5}{\376\377\0004\000.\0003\000.\0005\000\040\127\060\116\013\154\064\145\160\143\156\136\223\213\276\213\241}{section.4.3}% 34
\BOOKMARK [2][-]{subsection.4.3.6}{\376\377\0004\000.\0003\000.\0006\000\040\127\037\130\344\145\160\143\156\136\223\213\276\213\241}{section.4.3}% 35
\BOOKMARK [2][-]{subsection.4.3.7}{\376\377\0004\000.\0003\000.\0007\000\040\121\111\161\147\145\160\143\156\136\223\213\276\213\241}{section.4.3}% 36
\BOOKMARK [2][-]{subsection.4.3.8}{\376\377\0004\000.\0003\000.\0008\000\040\226\115\226\350\145\160\143\156\136\223\213\276\213\241}{section.4.3}% 37
\BOOKMARK [2][-]{subsection.4.3.9}{\376\377\0004\000.\0003\000.\0009\000\040\156\051\136\246\145\160\143\156\136\223\213\276\213\241}{section.4.3}% 38
\BOOKMARK [2][-]{subsection.4.3.10}{\376\377\0004\000.\0003\000.\0001\0000\000\040\230\316\145\160\143\156\136\223\213\276\213\241}{section.4.3}% 39
\BOOKMARK [0][-]{chapter.5}{\376\377\173\054\0005\172\340\000\040\226\350\154\064\215\104\156\220\000G\000I\000S\116\023\230\230\126\376\213\346\176\306\213\276\213\241\116\016\133\236\163\260}{}% 40
\BOOKMARK [1][-]{section.5.1}{\376\377\0005\000.\0001\000\040\122\237\200\375\213\276\213\241}{chapter.5}% 41
\BOOKMARK [2][-]{subsection.5.1.1}{\376\377\0005\000.\0001\000.\0001\000\040\152\041\127\127\213\276\213\241}{section.5.1}% 42
\BOOKMARK [2][-]{subsection.5.1.2}{\376\377\0005\000.\0001\000.\0002\000\040\165\114\227\142\213\276\213\241}{section.5.1}% 43
\BOOKMARK [2][-]{subsection.5.1.3}{\376\377\0005\000.\0001\000.\0003\000\040\000Q\000G\000I\000S\136\225\126\376\213\276\213\241}{section.5.1}% 44
\BOOKMARK [2][-]{subsection.5.1.4}{\376\377\0005\000.\0001\000.\0004\000\040\000g\000e\000o\000s\000e\000r\000v\000e\000r\123\321\136\003}{section.5.1}% 45
\BOOKMARK [2][-]{subsection.5.1.5}{\376\377\0005\000.\0001\000.\0005\000\040\000o\000p\000e\000n\000l\000a\000y\000e\000r\000s\156\062\147\323}{section.5.1}% 46
\BOOKMARK [1][-]{section.5.2}{\376\377\0005\000.\0002\000\040\127\060\210\150\154\064\174\373\213\276\213\241}{chapter.5}% 47
\BOOKMARK [2][-]{subsection.5.2.1}{\376\377\0005\000.\0002\000.\0001\000\040\154\263\155\101\116\023\230\230\126\376\213\276\213\241}{section.5.2}% 48
\BOOKMARK [2][-]{subsection.5.2.2}{\376\377\0005\000.\0002\000.\0002\000\040\204\304\154\064\154\140\116\023\230\230\126\376\213\276\213\241}{section.5.2}% 49
\BOOKMARK [2][-]{subsection.5.2.3}{\376\377\0005\000.\0002\000.\0003\000\040\154\064\136\223\116\023\230\230\126\376\213\276\213\241}{section.5.2}% 50
\BOOKMARK [1][-]{section.5.3}{\376\377\0005\000.\0003\000\040\127\060\116\013\154\064\174\373\213\276\213\241}{chapter.5}% 51
\BOOKMARK [2][-]{subsection.5.3.1}{\376\377\0005\000.\0003\000.\0001\000\040\127\060\116\013\154\064\122\006\136\003\116\023\230\230\126\376}{section.5.3}% 52
\BOOKMARK [2][-]{subsection.5.3.2}{\376\377\0005\000.\0003\000.\0002\000\040\127\037\130\344\174\173\127\213\124\214\127\037\130\344\124\053\221\317\116\023\230\230\126\376}{section.5.3}% 53
\BOOKMARK [1][-]{section.5.4}{\376\377\0005\000.\0004\000\040\154\024\120\031\126\376}{chapter.5}% 54
\BOOKMARK [2][-]{subsection.5.4.1}{\376\377\0005\000.\0004\000.\0001\000\040\156\051\136\246\116\023\230\230\126\376}{section.5.4}% 55
\BOOKMARK [2][-]{subsection.5.4.2}{\376\377\0005\000.\0004\000.\0002\000\040\226\115\226\350\116\023\230\230\126\376}{section.5.4}% 56
\BOOKMARK [1][-]{section.5.5}{\376\377\0005\000.\0005\000\040\174\373\176\337\155\113\213\325}{chapter.5}% 57
\BOOKMARK [2][-]{subsection.5.5.1}{\376\377\0005\000.\0005\000.\0001\000\040\122\237\200\375\155\113\213\325}{section.5.5}% 58
\BOOKMARK [2][-]{subsection.5.5.2}{\376\377\0005\000.\0005\000.\0002\000\040\227\136\122\237\200\375\155\113\213\325}{section.5.5}% 59
\BOOKMARK [0][-]{chapter.6}{\376\377\173\054\0006\172\340\000\040\140\073\176\323\116\016\134\125\147\033}{}% 60
\BOOKMARK [1][-]{section.6.1}{\376\377\0006\000.\0001\000\040\140\073\176\323}{chapter.6}% 61
\BOOKMARK [1][-]{section.6.2}{\376\377\0006\000.\0002\000\040\134\125\147\033}{chapter.6}% 62
\BOOKMARK [0][-]{chapter*.41}{\376\377\123\302\200\003\145\207\163\056}{}% 63
\BOOKMARK [0][-]{appendix*.42}{\376\377\201\364\000\040\214\042}{}% 64
