This is XeTeX, Version 3.141592653-2.6-0.999994 (TeX Live 2022) (preloaded format=xelatex 2022.5.7)  15 MAY 2022 20:52
entering extended mode
 restricted \write18 enabled.
 %&-line parsing enabled.
**main.tex
(./main.tex
LaTeX2e <2021-11-15> patch level 1
L3 programming layer <2022-02-24>
(f:/texlive_1/2022/texmf-dist/tex/latex/nwafuthesis/nwafuthesis.cls
(f:/texlive_1/2022/texmf-dist/tex/latex/l3kernel/expl3.sty
Package: expl3 2022-02-24 L3 programming layer (loader) 

(f:/texlive_1/2022/texmf-dist/tex/latex/l3backend/l3backend-xetex.def
File: l3backend-xetex.def 2022-02-07 L3 backend support: XeTeX

(|extractbb --version)
\c__kernel_sys_dvipdfmx_version_int=\count181
\l__color_backend_stack_int=\count182
\g__color_backend_stack_int=\count183
\g__graphics_track_int=\count184
\l__pdf_internal_box=\box50
\g__pdf_backend_object_int=\count185
\g__pdf_backend_annotation_int=\count186
\g__pdf_backend_link_int=\count187
))
Document Class: nwafuthesis 2022/03/17 v1.10 Thesis template for Northwest A\&F
 University
(f:/texlive_1/2022/texmf-dist/tex/latex/l3packages/xtemplate/xtemplate.sty
Package: xtemplate 2022-01-12 L3 Experimental prototype document functions
\l__xtemplate_tmp_dim=\dimen138
\l__xtemplate_tmp_int=\count188
\l__xtemplate_tmp_muskip=\muskip16
\l__xtemplate_tmp_skip=\skip47
)
(f:/texlive_1/2022/texmf-dist/tex/latex/l3packages/l3keys2e/l3keys2e.sty
Package: l3keys2e 2022-01-12 LaTeX2e option processing using LaTeX3 keys
)
\l__nwafu_tmpa_box=\box51
\l__nwafu_tmpa_dim=\dimen139
\l__nwafu_tmpb_dim=\dimen140
\l__nwafu_tmpc_dim=\dimen141
\l__nwafu_tmpd_dim=\dimen142
\l__nwafu_tmpt_dim=\dimen143
\l__nwafu_tmpa_skip=\skip48
\g__nwafu_thesis_type_int=\count189

(f:/texlive_1/2022/texmf-dist/tex/latex/ctex/ctexbook.cls
(f:/texlive_1/2022/texmf-dist/tex/latex/ctex/config/ctexbackend.cfg
File: ctexbackend.cfg 2021/12/12 v2.5.8 Backend configuration file (CTEX)
)
Document Class: ctexbook 2021/12/12 v2.5.8 Chinese adapter for class book (CTEX
)
(f:/texlive_1/2022/texmf-dist/tex/latex/l3packages/xparse/xparse.sty
Package: xparse 2022-01-12 L3 Experimental document command parser
)
(f:/texlive_1/2022/texmf-dist/tex/latex/ctex/ctexhook.sty
Package: ctexhook 2021/12/12 v2.5.8 Document and package hooks (CTEX)
)
(f:/texlive_1/2022/texmf-dist/tex/latex/ctex/ctexpatch.sty
Package: ctexpatch 2021/12/12 v2.5.8 Patching commands (CTEX)
)
(f:/texlive_1/2022/texmf-dist/tex/latex/base/fix-cm.sty
Package: fix-cm 2020/11/24 v1.1t fixes to LaTeX

(f:/texlive_1/2022/texmf-dist/tex/latex/base/ts1enc.def
File: ts1enc.def 2001/06/05 v3.0e (jk/car/fm) Standard LaTeX file
LaTeX Font Info:    Redeclaring font encoding TS1 on input line 47.
))
\l__ctex_tmp_int=\count190
\l__ctex_tmp_box=\box52
\l__ctex_tmp_dim=\dimen144
\g__ctex_section_depth_int=\count191
\g__ctex_font_size_int=\count192

(f:/texlive_1/2022/texmf-dist/tex/latex/ctex/config/ctexopts.cfg
File: ctexopts.cfg 2021/12/12 v2.5.8 Option configuration file (CTEX)
)
(f:/texlive_1/2022/texmf-dist/tex/latex/base/book.cls
Document Class: book 2021/10/04 v1.4n Standard LaTeX document class
(f:/texlive_1/2022/texmf-dist/tex/latex/base/bk12.clo
File: bk12.clo 2021/10/04 v1.4n Standard LaTeX file (size option)
)
\c@part=\count193
\c@chapter=\count194
\c@section=\count195
\c@subsection=\count196
\c@subsubsection=\count197
\c@paragraph=\count198
\c@subparagraph=\count199
\c@figure=\count266
\c@table=\count267
\abovecaptionskip=\skip49
\belowcaptionskip=\skip50
\bibindent=\dimen145
)
(f:/texlive_1/2022/texmf-dist/tex/latex/ctex/engine/ctex-engine-xetex.def
File: ctex-engine-xetex.def 2021/12/12 v2.5.8 XeLaTeX adapter (CTEX)

(f:/texlive_1/2022/texmf-dist/tex/xelatex/xecjk/xeCJK.sty
Package: xeCJK 2021/12/12 v3.8.8 Typesetting CJK scripts with XeLaTeX
\l__xeCJK_tmp_int=\count268
\l__xeCJK_tmp_box=\box53
\l__xeCJK_tmp_dim=\dimen146
\l__xeCJK_tmp_skip=\skip51
\g__xeCJK_space_factor_int=\count269
\l__xeCJK_begin_int=\count270
\l__xeCJK_end_int=\count271
\c__xeCJK_CJK_class_int=\XeTeXcharclass1
\c__xeCJK_FullLeft_class_int=\XeTeXcharclass2
\c__xeCJK_FullRight_class_int=\XeTeXcharclass3
\c__xeCJK_HalfLeft_class_int=\XeTeXcharclass4
\c__xeCJK_HalfRight_class_int=\XeTeXcharclass5
\c__xeCJK_NormalSpace_class_int=\XeTeXcharclass6
\c__xeCJK_CM_class_int=\XeTeXcharclass7
\c__xeCJK_HangulJamo_class_int=\XeTeXcharclass8
\l__xeCJK_last_skip=\skip52
\g__xeCJK_node_int=\count272
\c__xeCJK_CJK_node_dim=\dimen147
\c__xeCJK_CJK-space_node_dim=\dimen148
\c__xeCJK_default_node_dim=\dimen149
\c__xeCJK_default-space_node_dim=\dimen150
\c__xeCJK_CJK-widow_node_dim=\dimen151
\c__xeCJK_normalspace_node_dim=\dimen152
\l__xeCJK_ccglue_skip=\skip53
\l__xeCJK_ecglue_skip=\skip54
\l__xeCJK_punct_kern_skip=\skip55
\l__xeCJK_last_penalty_int=\count273
\l__xeCJK_last_bound_dim=\dimen153
\l__xeCJK_last_kern_dim=\dimen154
\l__xeCJK_widow_penalty_int=\count274

Package xtemplate Info: Declaring object type 'xeCJK/punctuation' taking 0
(xtemplate)             argument(s) on line 2337.

\l__xeCJK_fixed_punct_width_dim=\dimen155
\l__xeCJK_mixed_punct_width_dim=\dimen156
\l__xeCJK_middle_punct_width_dim=\dimen157
\l__xeCJK_fixed_margin_width_dim=\dimen158
\l__xeCJK_mixed_margin_width_dim=\dimen159
\l__xeCJK_middle_margin_width_dim=\dimen160
\l__xeCJK_bound_punct_width_dim=\dimen161
\l__xeCJK_bound_margin_width_dim=\dimen162
\l__xeCJK_margin_minimum_dim=\dimen163
\l__xeCJK_kerning_total_width_dim=\dimen164
\l__xeCJK_same_align_margin_dim=\dimen165
\l__xeCJK_different_align_margin_dim=\dimen166
\l__xeCJK_kerning_margin_width_dim=\dimen167
\l__xeCJK_kerning_margin_minimum_dim=\dimen168
\l__xeCJK_bound_dim=\dimen169
\l__xeCJK_reverse_bound_dim=\dimen170
\l__xeCJK_margin_dim=\dimen171
\l__xeCJK_minimum_bound_dim=\dimen172
\l__xeCJK_kerning_margin_dim=\dimen173
\g__xeCJK_family_int=\count275
\l__xeCJK_fam_int=\count276
\g__xeCJK_fam_allocation_int=\count277
\l__xeCJK_verb_case_int=\count278
\l__xeCJK_verb_exspace_skip=\skip56

(f:/texlive_1/2022/texmf-dist/tex/latex/fontspec/fontspec.sty
Package: fontspec 2022/01/15 v2.8a Font selection for XeLaTeX and LuaLaTeX

(f:/texlive_1/2022/texmf-dist/tex/latex/fontspec/fontspec-xetex.sty
Package: fontspec-xetex 2022/01/15 v2.8a Font selection for XeLaTeX and LuaLaTe
X
\l__fontspec_script_int=\count279
\l__fontspec_language_int=\count280
\l__fontspec_strnum_int=\count281
\l__fontspec_tmp_int=\count282
\l__fontspec_tmpa_int=\count283
\l__fontspec_tmpb_int=\count284
\l__fontspec_tmpc_int=\count285
\l__fontspec_em_int=\count286
\l__fontspec_emdef_int=\count287
\l__fontspec_strong_int=\count288
\l__fontspec_strongdef_int=\count289
\l__fontspec_tmpa_dim=\dimen174
\l__fontspec_tmpb_dim=\dimen175
\l__fontspec_tmpc_dim=\dimen176

(f:/texlive_1/2022/texmf-dist/tex/latex/base/fontenc.sty
Package: fontenc 2021/04/29 v2.0v Standard LaTeX package
)
(f:/texlive_1/2022/texmf-dist/tex/latex/fontspec/fontspec.cfg)))
(f:/texlive_1/2022/texmf-dist/tex/xelatex/xecjk/xeCJK.cfg
File: xeCJK.cfg 2021/12/12 v3.8.8 Configuration file for xeCJK package
))
\ccwd=\dimen177
\l__ctex_ccglue_skip=\skip57
)
\l__ctex_ziju_dim=\dimen178

(f:/texlive_1/2022/texmf-dist/tex/latex/zhnumber/zhnumber.sty
Package: zhnumber 2020/05/01 v2.8 Typesetting numbers with Chinese glyphs
\l__zhnum_scale_int=\count290

(f:/texlive_1/2022/texmf-dist/tex/latex/zhnumber/zhnumber-utf8.cfg
File: zhnumber-utf8.cfg 2020/05/01 v2.8 Chinese numerals with UTF8 encoding
))
\l__ctex_heading_skip=\skip58

(f:/texlive_1/2022/texmf-dist/tex/latex/ctex/scheme/ctex-scheme-chinese-book.de
f
File: ctex-scheme-chinese-book.def 2021/12/12 v2.5.8 Chinese scheme for book (C
TEX)
 (f:/texlive_1/2022/texmf-dist/tex/latex/ctex/config/ctex-name-utf8.cfg
File: ctex-name-utf8.cfg 2021/12/12 v2.5.8 Caption with encoding UTF-8 (CTEX)
))
(f:/texlive_1/2022/texmf-dist/tex/latex/ctex/ctex-cs4size.clo
File: ctex-cs4size.clo 2021/12/12 v2.5.8 cs4size option (CTEX)
))
(f:/texlive_1/2022/texmf-dist/tex/latex/ctex/config/ctex.cfg
File: ctex.cfg 2021/12/12 v2.5.8 Configuration file (CTEX)
)
(f:/texlive_1/2022/texmf-dist/tex/latex/amsmath/amsmath.sty
Package: amsmath 2021/10/15 v2.17l AMS math features
\@mathmargin=\skip59

For additional information on amsmath, use the `?' option.
(f:/texlive_1/2022/texmf-dist/tex/latex/amsmath/amstext.sty
Package: amstext 2021/08/26 v2.01 AMS text

(f:/texlive_1/2022/texmf-dist/tex/latex/amsmath/amsgen.sty
File: amsgen.sty 1999/11/30 v2.0 generic functions
\@emptytoks=\toks16
\ex@=\dimen179
))
(f:/texlive_1/2022/texmf-dist/tex/latex/amsmath/amsbsy.sty
Package: amsbsy 1999/11/29 v1.2d Bold Symbols
\pmbraise@=\dimen180
)
(f:/texlive_1/2022/texmf-dist/tex/latex/amsmath/amsopn.sty
Package: amsopn 2021/08/26 v2.02 operator names
)
\inf@bad=\count291
LaTeX Info: Redefining \frac on input line 234.
\uproot@=\count292
\leftroot@=\count293
LaTeX Info: Redefining \overline on input line 399.
\classnum@=\count294
\DOTSCASE@=\count295
LaTeX Info: Redefining \ldots on input line 496.
LaTeX Info: Redefining \dots on input line 499.
LaTeX Info: Redefining \cdots on input line 620.
\Mathstrutbox@=\box54
\strutbox@=\box55
\big@size=\dimen181
LaTeX Font Info:    Redeclaring font encoding OML on input line 743.
LaTeX Font Info:    Redeclaring font encoding OMS on input line 744.
\macc@depth=\count296
\c@MaxMatrixCols=\count297
\dotsspace@=\muskip17
\c@parentequation=\count298
\dspbrk@lvl=\count299
\tag@help=\toks17
\row@=\count300
\column@=\count301
\maxfields@=\count302
\andhelp@=\toks18
\eqnshift@=\dimen182
\alignsep@=\dimen183
\tagshift@=\dimen184
\tagwidth@=\dimen185
\totwidth@=\dimen186
\lineht@=\dimen187
\@envbody=\toks19
\multlinegap=\skip60
\multlinetaggap=\skip61
\mathdisplay@stack=\toks20
LaTeX Info: Redefining \[ on input line 2938.
LaTeX Info: Redefining \] on input line 2939.
)
(f:/texlive_1/2022/texmf-dist/tex/latex/unicode-math/unicode-math.sty
Package: unicode-math 2020/01/31 v0.8q Unicode maths in XeLaTeX and LuaLaTeX

(f:/texlive_1/2022/texmf-dist/tex/latex/unicode-math/unicode-math-xetex.sty
Package: unicode-math-xetex 2020/01/31 v0.8q Unicode maths in XeLaTeX and LuaLa
TeX
\g__um_fam_int=\count303
\g__um_fonts_used_int=\count304
\l__um_primecount_int=\count305
\g__um_primekern_muskip=\muskip18

(f:/texlive_1/2022/texmf-dist/tex/latex/unicode-math/unicode-math-table.tex)))
(f:/texlive_1/2022/texmf-dist/tex/latex/geometry/geometry.sty
Package: geometry 2020/01/02 v5.9 Page Geometry

(f:/texlive_1/2022/texmf-dist/tex/latex/graphics/keyval.sty
Package: keyval 2014/10/28 v1.15 key=value parser (DPC)
\KV@toks@=\toks21
)
(f:/texlive_1/2022/texmf-dist/tex/generic/iftex/ifvtex.sty
Package: ifvtex 2019/10/25 v1.7 ifvtex legacy package. Use iftex instead.

(f:/texlive_1/2022/texmf-dist/tex/generic/iftex/iftex.sty
Package: iftex 2022/02/03 v1.0f TeX engine tests
))
\Gm@cnth=\count306
\Gm@cntv=\count307
\c@Gm@tempcnt=\count308
\Gm@bindingoffset=\dimen188
\Gm@wd@mp=\dimen189
\Gm@odd@mp=\dimen190
\Gm@even@mp=\dimen191
\Gm@layoutwidth=\dimen192
\Gm@layoutheight=\dimen193
\Gm@layouthoffset=\dimen194
\Gm@layoutvoffset=\dimen195
\Gm@dimlist=\toks22
)
(f:/texlive_1/2022/texmf-dist/tex/latex/fancyhdr/fancyhdr.sty
Package: fancyhdr 2021/01/28 v4.0.1 Extensive control of page headers and foote
rs
\f@nch@headwidth=\skip62
\f@nch@O@elh=\skip63
\f@nch@O@erh=\skip64
\f@nch@O@olh=\skip65
\f@nch@O@orh=\skip66
\f@nch@O@elf=\skip67
\f@nch@O@erf=\skip68
\f@nch@O@olf=\skip69
\f@nch@O@orf=\skip70
)
(f:/texlive_1/2022/texmf-dist/tex/latex/titlesec/titletoc.sty
Package: titletoc 2021/07/05 v2.14 TOC entries
\ttl@leftsep=\dimen196
)
(f:/texlive_1/2022/texmf-dist/tex/latex/footmisc/footmisc.sty
Package: footmisc 2022/03/08 v6.0d a miscellany of footnote facilities
\FN@temptoken=\toks23
\footnotemargin=\dimen197
\@outputbox@depth=\dimen198

(f:/texlive_1/2022/texmf-dist/tex/latex/bigfoot/perpage.sty
Package: perpage 2014/10/25 2.0 Reset/sort counters per page
\c@abspage=\count309
)
\c@pp@a@footnote=\count310
Package footmisc Info: Declaring symbol style bringhurst on input line 695.
Package footmisc Info: Declaring symbol style chicago on input line 703.
Package footmisc Info: Declaring symbol style wiley on input line 712.
Package footmisc Info: Declaring symbol style lamport-robust on input line 723.

Package footmisc Info: Declaring symbol style lamport* on input line 743.
Package footmisc Info: Declaring symbol style lamport*-robust on input line 764
.
)
(f:/texlive_1/2022/texmf-dist/tex/latex/ntheorem/ntheorem.sty
Style `ntheorem', Version 1.33 <2011/08/15>
Package: ntheorem 2011/08/15 1.33
(f:/texlive_1/2022/texmf-dist/tex/latex/base/ifthen.sty
Package: ifthen 2020/11/24 v1.1c Standard LaTeX ifthen package (DPC)
)
\theorem@style=\toks24
\theorem@@style=\toks25
\theorembodyfont=\toks26
\theoremnumbering=\toks27
\theorempreskipamount=\skip71
\theorempostskipamount=\skip72
\theoremframepreskipamount=\skip73
\theoremframepostskipamount=\skip74
\theoreminframepreskipamount=\skip75
\theoreminframepostskipamount=\skip76
\theorem@preskip=\toks28
\theorem@postskip=\toks29
\theorem@framepreskip=\toks30
\theorem@framepostskip=\toks31
\theorem@inframepreskip=\toks32
\theorem@inframepostskip=\toks33
\theoremindent=\dimen199
\theorem@indent=\dimen256
\theoremrightindent=\dimen257
\theorem@rightindent=\dimen258
\theoremheaderfont=\toks34
\theoremseparator=\toks35
\theoremprework=\toks36
\theorempostwork=\toks37
\theoremsymbol=\toks38
\qedsymbol=\toks39
\theoremkeyword=\toks40
\qedsymbol=\toks41
\thm@topsep=\skip77
\thm@topsepadd=\skip78
Package ntheorem Info: Option `thmmarks' loaded on input line 1175.
\c@endNonectr=\count311
\c@currNonectr=\count312
\mysavskip=\skip79
Package ntheorem Info: option `amsmath' handling for `thmmarks' loaded on input
 line 1175.
\thm@amstmpdepth=\dimen259
\tagwidth=\dimen260
)
(f:/texlive_1/2022/texmf-dist/tex/latex/enumitem/enumitem.sty
Package: enumitem 2019/06/20 v3.9 Customized lists
\labelindent=\skip80
\enit@outerparindent=\dimen261
\enit@toks=\toks42
\enit@inbox=\box56
\enit@count@id=\count313
\enitdp@description=\count314
)
(f:/texlive_1/2022/texmf-dist/tex/latex/graphics/graphicx.sty
Package: graphicx 2021/09/16 v1.2d Enhanced LaTeX Graphics (DPC,SPQR)

(f:/texlive_1/2022/texmf-dist/tex/latex/graphics/graphics.sty
Package: graphics 2021/03/04 v1.4d Standard LaTeX Graphics (DPC,SPQR)

(f:/texlive_1/2022/texmf-dist/tex/latex/graphics/trig.sty
Package: trig 2021/08/11 v1.11 sin cos tan (DPC)
)
(f:/texlive_1/2022/texmf-dist/tex/latex/graphics-cfg/graphics.cfg
File: graphics.cfg 2016/06/04 v1.11 sample graphics configuration
)
Package graphics Info: Driver file: xetex.def on input line 107.

(f:/texlive_1/2022/texmf-dist/tex/latex/graphics-def/xetex.def
File: xetex.def 2021/03/18 v5.0k Graphics/color driver for xetex
))
\Gin@req@height=\dimen262
\Gin@req@width=\dimen263
)
(f:/texlive_1/2022/texmf-dist/tex/latex/caption/caption.sty
Package: caption 2022/03/01 v3.6b Customizing captions (AR)

(f:/texlive_1/2022/texmf-dist/tex/latex/caption/caption3.sty
Package: caption3 2022/03/17 v2.3b caption3 kernel (AR)
\caption@tempdima=\dimen264
\captionmargin=\dimen265
\caption@leftmargin=\dimen266
\caption@rightmargin=\dimen267
\caption@width=\dimen268
\caption@indent=\dimen269
\caption@parindent=\dimen270
\caption@hangindent=\dimen271
Package caption Info: Standard document class detected.
)
\c@caption@flags=\count315
\c@continuedfloat=\count316
)
(f:/texlive_1/2022/texmf-dist/tex/latex/caption/bicaption.sty
Package: bicaption 2021/05/02 v1.5b Bilingual Captions (AR)
\bicaption@lang=\count317
)
(f:/texlive_1/2022/texmf-dist/tex/latex/xcolor/xcolor.sty
Package: xcolor 2021/10/31 v2.13 LaTeX color extensions (UK)

(f:/texlive_1/2022/texmf-dist/tex/latex/graphics-cfg/color.cfg
File: color.cfg 2016/01/02 v1.6 sample color configuration
)
Package xcolor Info: Driver file: xetex.def on input line 227.
Package xcolor Info: Model `cmy' substituted by `cmy0' on input line 1352.
Package xcolor Info: Model `RGB' extended on input line 1368.
Package xcolor Info: Model `HTML' substituted by `rgb' on input line 1370.
Package xcolor Info: Model `Hsb' substituted by `hsb' on input line 1371.
Package xcolor Info: Model `tHsb' substituted by `hsb' on input line 1372.
Package xcolor Info: Model `HSB' substituted by `hsb' on input line 1373.
Package xcolor Info: Model `Gray' substituted by `gray' on input line 1374.
Package xcolor Info: Model `wave' substituted by `hsb' on input line 1375.
)
\l__nwafu_info_degree_type_int=\count318
\l__nwafu_info_bachelor_type_int=\count319

Package xtemplate Info: Declaring object type 'nwafu/cover' taking 0
(xtemplate)             argument(s) on line 2330.

\l__nwafu_cover/cover-i/top_skip=\skip81
\l__nwafu_cover/cover-i/bottom_skip=\skip82
\l__nwafu_cover/cover-i/id/bottom_skip=\skip83
\l__nwafu_cover/cover-i/logo/bottom_skip=\skip84
\l__nwafu_cover/cover-i/type/bottom_skip=\skip85
\l__nwafu_cover/cover-i/title/bottom_skip=\skip86
\l__nwafu_cover/cover-i/info/bottom_skip=\skip87
\l__nwafu_cover/cover-ii/top_skip=\skip88
\l__nwafu_cover/cover-ii/bottom_skip=\skip89
\l__nwafu_cover/cover-ii/type/bottom_skip=\skip90
\l__nwafu_cover/cover-ii/title/bottom_skip=\skip91
\l__nwafu_cover/cover-ii/info/bottom_skip=\skip92
\l__nwafu_cover/cover-ii/department/bottom_skip=\skip93
\l__nwafu_cover/cover-ii/nwafu/bottom_skip=\skip94
\l__nwafu_cover/cover-iii/top_skip=\skip95
\l__nwafu_cover/cover-iii/bottom_skip=\skip96
\l__nwafu_cover/cover-iii/id/bottom_skip=\skip97
\l__nwafu_cover/cover-iii/name/bottom_skip=\skip98
\l__nwafu_cover/cover-iii/title/bottom_skip=\skip99
\l__nwafu_cover/cover-iii/instructors/bottom_skip=\skip100
\l__nwafu_cover/cover-iii/ctitle/bottom_skip=\skip101
\l__nwafu_cover/cover-iii/committees/bottom_skip=\skip102
\l__nwafu_cover/cover-iii/dtitle/bottom_skip=\skip103
\l__nwafu_cover/cover-iii/date/bottom_skip=\skip104
\l__nwafu_cover/cover-iv/top_skip=\skip105
\l__nwafu_cover/cover-iv/bottom_skip=\skip106
\l__nwafu_cover/cover-iv/name-list/bottom_skip=\skip107
\l__nwafu_cover/cover-v/top_skip=\skip108
\l__nwafu_cover/cover-v/bottom_skip=\skip109
\l__nwafu_cover/cover-v/originality-decl-name/bottom_skip=\skip110
\l__nwafu_cover/cover-v/originality-decl-text/bottom_skip=\skip111
\l__nwafu_cover/cover-v/originality-decl-sig/bottom_skip=\skip112
\l__nwafu_cover/cover-v/supervisor-decl-name/bottom_skip=\skip113
\l__nwafu_cover/cover-v/supervisor-decl-text/bottom_skip=\skip114
\l__nwafu_cover/cover-v/supervisor-decl-sig/bottom_skip=\skip115
\l__nwafu_cover/cover-vi/top_skip=\skip116
\l__nwafu_cover/cover-vi/bottom_skip=\skip117
\l__nwafu_cover/cover-vi/authorization-decl-name/bottom_skip=\skip118
\l__nwafu_cover/cover-vi/authorization-decl-text/bottom_skip=\skip119
\l__nwafu_cover/cover-vi/authorization-decl-sig/bottom_skip=\skip120
\l__nwafu_cover/cover-vi/supervisor-decl-sig/bottom_skip=\skip121
\l__nwafu_cover/cover-vii/top_skip=\skip122
\l__nwafu_cover/cover-vii/bottom_skip=\skip123
\l__nwafu_cover/cover-vii/originality-decl-name/bottom_skip=\skip124
\l__nwafu_cover/cover-vii/originality-decl-text/bottom_skip=\skip125
\l__nwafu_cover/cover-vii/originality-decl-sig/bottom_skip=\skip126
\l__nwafu_cover/cover-vii/authorization-decl-name/bottom_skip=\skip127
\l__nwafu_cover/cover-vii/authorization-decl-text/bottom_skip=\skip128
\l__nwafu_cover/cover-vii/authorization-decl-sig/bottom_skip=\skip129
\l__nwafu_cover/cover-vii/supervisor-decl-sig/bottom_skip=\skip130
\__nwafu_toc_chapter_offset_dim=\dimen272
\__nwafu_toc_section_offset_dim=\dimen273
\__nwafu_toc_subsection_offset_dim=\dimen274
\__nwafu_toc_figure_offset_dim=\dimen275
\__nwafu_toc_table_offset_dim=\dimen276
\c@publicationsi=\count320
\enitdp@publications=\count321
\c@achievementsi=\count322
\enitdp@achievements=\count323
\c@currproofctr=\count324
\c@endproofctr=\count325
\c@proof=\count326
\c@curraxiomctr=\count327
\c@endaxiomctr=\count328
\c@axiom=\count329
\c@currcorollaryctr=\count330
\c@endcorollaryctr=\count331
\c@corollary=\count332
\c@currdefinitionctr=\count333
\c@enddefinitionctr=\count334
\c@definition=\count335
\c@currexamplectr=\count336
\c@endexamplectr=\count337
\c@example=\count338
\c@currlemmactr=\count339
\c@endlemmactr=\count340
\c@lemma=\count341
\c@currtheoremctr=\count342
\c@endtheoremctr=\count343
\c@theorem=\count344
)
(./settings/packages.tex
(f:/texlive_1/2022/texmf-dist/tex/latex/pgf/frontendlayer/tikz.sty
(f:/texlive_1/2022/texmf-dist/tex/latex/pgf/basiclayer/pgf.sty
(f:/texlive_1/2022/texmf-dist/tex/latex/pgf/utilities/pgfrcs.sty
(f:/texlive_1/2022/texmf-dist/tex/generic/pgf/utilities/pgfutil-common.tex
\pgfutil@everybye=\toks43
\pgfutil@tempdima=\dimen277
\pgfutil@tempdimb=\dimen278

(f:/texlive_1/2022/texmf-dist/tex/generic/pgf/utilities/pgfutil-common-lists.te
x)) (f:/texlive_1/2022/texmf-dist/tex/generic/pgf/utilities/pgfutil-latex.def
\pgfutil@abb=\box57
)
(f:/texlive_1/2022/texmf-dist/tex/generic/pgf/utilities/pgfrcs.code.tex
(f:/texlive_1/2022/texmf-dist/tex/generic/pgf/pgf.revision.tex)
Package: pgfrcs 2021/05/15 v3.1.9a (3.1.9a)
))
Package: pgf 2021/05/15 v3.1.9a (3.1.9a)

(f:/texlive_1/2022/texmf-dist/tex/latex/pgf/basiclayer/pgfcore.sty
(f:/texlive_1/2022/texmf-dist/tex/latex/pgf/systemlayer/pgfsys.sty
(f:/texlive_1/2022/texmf-dist/tex/generic/pgf/systemlayer/pgfsys.code.tex
Package: pgfsys 2021/05/15 v3.1.9a (3.1.9a)

(f:/texlive_1/2022/texmf-dist/tex/generic/pgf/utilities/pgfkeys.code.tex
\pgfkeys@pathtoks=\toks44
\pgfkeys@temptoks=\toks45

(f:/texlive_1/2022/texmf-dist/tex/generic/pgf/utilities/pgfkeysfiltered.code.te
x
\pgfkeys@tmptoks=\toks46
))
\pgf@x=\dimen279
\pgf@y=\dimen280
\pgf@xa=\dimen281
\pgf@ya=\dimen282
\pgf@xb=\dimen283
\pgf@yb=\dimen284
\pgf@xc=\dimen285
\pgf@yc=\dimen286
\pgf@xd=\dimen287
\pgf@yd=\dimen288
\w@pgf@writea=\write3
\r@pgf@reada=\read2
\c@pgf@counta=\count345
\c@pgf@countb=\count346
\c@pgf@countc=\count347
\c@pgf@countd=\count348
\t@pgf@toka=\toks47
\t@pgf@tokb=\toks48
\t@pgf@tokc=\toks49
\pgf@sys@id@count=\count349
 (f:/texlive_1/2022/texmf-dist/tex/generic/pgf/systemlayer/pgf.cfg
File: pgf.cfg 2021/05/15 v3.1.9a (3.1.9a)
)
Driver file for pgf: pgfsys-xetex.def

(f:/texlive_1/2022/texmf-dist/tex/generic/pgf/systemlayer/pgfsys-xetex.def
File: pgfsys-xetex.def 2021/05/15 v3.1.9a (3.1.9a)

(f:/texlive_1/2022/texmf-dist/tex/generic/pgf/systemlayer/pgfsys-dvipdfmx.def
File: pgfsys-dvipdfmx.def 2021/05/15 v3.1.9a (3.1.9a)

(f:/texlive_1/2022/texmf-dist/tex/generic/pgf/systemlayer/pgfsys-common-pdf.def
File: pgfsys-common-pdf.def 2021/05/15 v3.1.9a (3.1.9a)
)
\pgfsys@objnum=\count350
)))
(f:/texlive_1/2022/texmf-dist/tex/generic/pgf/systemlayer/pgfsyssoftpath.code.t
ex
File: pgfsyssoftpath.code.tex 2021/05/15 v3.1.9a (3.1.9a)
\pgfsyssoftpath@smallbuffer@items=\count351
\pgfsyssoftpath@bigbuffer@items=\count352
)
(f:/texlive_1/2022/texmf-dist/tex/generic/pgf/systemlayer/pgfsysprotocol.code.t
ex
File: pgfsysprotocol.code.tex 2021/05/15 v3.1.9a (3.1.9a)
)) (f:/texlive_1/2022/texmf-dist/tex/generic/pgf/basiclayer/pgfcore.code.tex
Package: pgfcore 2021/05/15 v3.1.9a (3.1.9a)

(f:/texlive_1/2022/texmf-dist/tex/generic/pgf/math/pgfmath.code.tex
(f:/texlive_1/2022/texmf-dist/tex/generic/pgf/math/pgfmathcalc.code.tex
(f:/texlive_1/2022/texmf-dist/tex/generic/pgf/math/pgfmathutil.code.tex)
(f:/texlive_1/2022/texmf-dist/tex/generic/pgf/math/pgfmathparser.code.tex
\pgfmath@dimen=\dimen289
\pgfmath@count=\count353
\pgfmath@box=\box58
\pgfmath@toks=\toks50
\pgfmath@stack@operand=\toks51
\pgfmath@stack@operation=\toks52
)
(f:/texlive_1/2022/texmf-dist/tex/generic/pgf/math/pgfmathfunctions.code.tex
(f:/texlive_1/2022/texmf-dist/tex/generic/pgf/math/pgfmathfunctions.basic.code.
tex)
(f:/texlive_1/2022/texmf-dist/tex/generic/pgf/math/pgfmathfunctions.trigonometr
ic.code.tex)
(f:/texlive_1/2022/texmf-dist/tex/generic/pgf/math/pgfmathfunctions.random.code
.tex)
(f:/texlive_1/2022/texmf-dist/tex/generic/pgf/math/pgfmathfunctions.comparison.
code.tex)
(f:/texlive_1/2022/texmf-dist/tex/generic/pgf/math/pgfmathfunctions.base.code.t
ex)
(f:/texlive_1/2022/texmf-dist/tex/generic/pgf/math/pgfmathfunctions.round.code.
tex)
(f:/texlive_1/2022/texmf-dist/tex/generic/pgf/math/pgfmathfunctions.misc.code.t
ex)
(f:/texlive_1/2022/texmf-dist/tex/generic/pgf/math/pgfmathfunctions.integerarit
hmetics.code.tex)))
(f:/texlive_1/2022/texmf-dist/tex/generic/pgf/math/pgfmathfloat.code.tex
\c@pgfmathroundto@lastzeros=\count354
))
(f:/texlive_1/2022/texmf-dist/tex/generic/pgf/math/pgfint.code.tex)
(f:/texlive_1/2022/texmf-dist/tex/generic/pgf/basiclayer/pgfcorepoints.code.tex
File: pgfcorepoints.code.tex 2021/05/15 v3.1.9a (3.1.9a)
\pgf@picminx=\dimen290
\pgf@picmaxx=\dimen291
\pgf@picminy=\dimen292
\pgf@picmaxy=\dimen293
\pgf@pathminx=\dimen294
\pgf@pathmaxx=\dimen295
\pgf@pathminy=\dimen296
\pgf@pathmaxy=\dimen297
\pgf@xx=\dimen298
\pgf@xy=\dimen299
\pgf@yx=\dimen300
\pgf@yy=\dimen301
\pgf@zx=\dimen302
\pgf@zy=\dimen303
)
(f:/texlive_1/2022/texmf-dist/tex/generic/pgf/basiclayer/pgfcorepathconstruct.c
ode.tex
File: pgfcorepathconstruct.code.tex 2021/05/15 v3.1.9a (3.1.9a)
\pgf@path@lastx=\dimen304
\pgf@path@lasty=\dimen305
)
(f:/texlive_1/2022/texmf-dist/tex/generic/pgf/basiclayer/pgfcorepathusage.code.
tex
File: pgfcorepathusage.code.tex 2021/05/15 v3.1.9a (3.1.9a)
\pgf@shorten@end@additional=\dimen306
\pgf@shorten@start@additional=\dimen307
)
(f:/texlive_1/2022/texmf-dist/tex/generic/pgf/basiclayer/pgfcorescopes.code.tex
File: pgfcorescopes.code.tex 2021/05/15 v3.1.9a (3.1.9a)
\pgfpic=\box59
\pgf@hbox=\box60
\pgf@layerbox@main=\box61
\pgf@picture@serial@count=\count355
)
(f:/texlive_1/2022/texmf-dist/tex/generic/pgf/basiclayer/pgfcoregraphicstate.co
de.tex
File: pgfcoregraphicstate.code.tex 2021/05/15 v3.1.9a (3.1.9a)
\pgflinewidth=\dimen308
)
(f:/texlive_1/2022/texmf-dist/tex/generic/pgf/basiclayer/pgfcoretransformations
.code.tex
File: pgfcoretransformations.code.tex 2021/05/15 v3.1.9a (3.1.9a)
\pgf@pt@x=\dimen309
\pgf@pt@y=\dimen310
\pgf@pt@temp=\dimen311
)
(f:/texlive_1/2022/texmf-dist/tex/generic/pgf/basiclayer/pgfcorequick.code.tex
File: pgfcorequick.code.tex 2021/05/15 v3.1.9a (3.1.9a)
)
(f:/texlive_1/2022/texmf-dist/tex/generic/pgf/basiclayer/pgfcoreobjects.code.te
x
File: pgfcoreobjects.code.tex 2021/05/15 v3.1.9a (3.1.9a)
)
(f:/texlive_1/2022/texmf-dist/tex/generic/pgf/basiclayer/pgfcorepathprocessing.
code.tex
File: pgfcorepathprocessing.code.tex 2021/05/15 v3.1.9a (3.1.9a)
)
(f:/texlive_1/2022/texmf-dist/tex/generic/pgf/basiclayer/pgfcorearrows.code.tex
File: pgfcorearrows.code.tex 2021/05/15 v3.1.9a (3.1.9a)
\pgfarrowsep=\dimen312
)
(f:/texlive_1/2022/texmf-dist/tex/generic/pgf/basiclayer/pgfcoreshade.code.tex
File: pgfcoreshade.code.tex 2021/05/15 v3.1.9a (3.1.9a)
\pgf@max=\dimen313
\pgf@sys@shading@range@num=\count356
\pgf@shadingcount=\count357
) (f:/texlive_1/2022/texmf-dist/tex/generic/pgf/basiclayer/pgfcoreimage.code.te
x
File: pgfcoreimage.code.tex 2021/05/15 v3.1.9a (3.1.9a)

(f:/texlive_1/2022/texmf-dist/tex/generic/pgf/basiclayer/pgfcoreexternal.code.t
ex
File: pgfcoreexternal.code.tex 2021/05/15 v3.1.9a (3.1.9a)
\pgfexternal@startupbox=\box62
))
(f:/texlive_1/2022/texmf-dist/tex/generic/pgf/basiclayer/pgfcorelayers.code.tex
File: pgfcorelayers.code.tex 2021/05/15 v3.1.9a (3.1.9a)
)
(f:/texlive_1/2022/texmf-dist/tex/generic/pgf/basiclayer/pgfcoretransparency.co
de.tex
File: pgfcoretransparency.code.tex 2021/05/15 v3.1.9a (3.1.9a)
)
(f:/texlive_1/2022/texmf-dist/tex/generic/pgf/basiclayer/pgfcorepatterns.code.t
ex
File: pgfcorepatterns.code.tex 2021/05/15 v3.1.9a (3.1.9a)
)
(f:/texlive_1/2022/texmf-dist/tex/generic/pgf/basiclayer/pgfcorerdf.code.tex
File: pgfcorerdf.code.tex 2021/05/15 v3.1.9a (3.1.9a)
))) (f:/texlive_1/2022/texmf-dist/tex/generic/pgf/modules/pgfmoduleshapes.code.
tex
File: pgfmoduleshapes.code.tex 2021/05/15 v3.1.9a (3.1.9a)
\pgfnodeparttextbox=\box63
) (f:/texlive_1/2022/texmf-dist/tex/generic/pgf/modules/pgfmoduleplot.code.tex
File: pgfmoduleplot.code.tex 2021/05/15 v3.1.9a (3.1.9a)
)
(f:/texlive_1/2022/texmf-dist/tex/latex/pgf/compatibility/pgfcomp-version-0-65.
sty
Package: pgfcomp-version-0-65 2021/05/15 v3.1.9a (3.1.9a)
\pgf@nodesepstart=\dimen314
\pgf@nodesepend=\dimen315
)
(f:/texlive_1/2022/texmf-dist/tex/latex/pgf/compatibility/pgfcomp-version-1-18.
sty
Package: pgfcomp-version-1-18 2021/05/15 v3.1.9a (3.1.9a)
)) (f:/texlive_1/2022/texmf-dist/tex/latex/pgf/utilities/pgffor.sty
(f:/texlive_1/2022/texmf-dist/tex/latex/pgf/utilities/pgfkeys.sty
(f:/texlive_1/2022/texmf-dist/tex/generic/pgf/utilities/pgfkeys.code.tex))
(f:/texlive_1/2022/texmf-dist/tex/latex/pgf/math/pgfmath.sty
(f:/texlive_1/2022/texmf-dist/tex/generic/pgf/math/pgfmath.code.tex))
(f:/texlive_1/2022/texmf-dist/tex/generic/pgf/utilities/pgffor.code.tex
Package: pgffor 2021/05/15 v3.1.9a (3.1.9a)

(f:/texlive_1/2022/texmf-dist/tex/generic/pgf/math/pgfmath.code.tex)
\pgffor@iter=\dimen316
\pgffor@skip=\dimen317
\pgffor@stack=\toks53
\pgffor@toks=\toks54
))
(f:/texlive_1/2022/texmf-dist/tex/generic/pgf/frontendlayer/tikz/tikz.code.tex
Package: tikz 2021/05/15 v3.1.9a (3.1.9a)

(f:/texlive_1/2022/texmf-dist/tex/generic/pgf/libraries/pgflibraryplothandlers.
code.tex
File: pgflibraryplothandlers.code.tex 2021/05/15 v3.1.9a (3.1.9a)
\pgf@plot@mark@count=\count358
\pgfplotmarksize=\dimen318
)
\tikz@lastx=\dimen319
\tikz@lasty=\dimen320
\tikz@lastxsaved=\dimen321
\tikz@lastysaved=\dimen322
\tikz@lastmovetox=\dimen323
\tikz@lastmovetoy=\dimen324
\tikzleveldistance=\dimen325
\tikzsiblingdistance=\dimen326
\tikz@figbox=\box64
\tikz@figbox@bg=\box65
\tikz@tempbox=\box66
\tikz@tempbox@bg=\box67
\tikztreelevel=\count359
\tikznumberofchildren=\count360
\tikznumberofcurrentchild=\count361
\tikz@fig@count=\count362

(f:/texlive_1/2022/texmf-dist/tex/generic/pgf/modules/pgfmodulematrix.code.tex
File: pgfmodulematrix.code.tex 2021/05/15 v3.1.9a (3.1.9a)
\pgfmatrixcurrentrow=\count363
\pgfmatrixcurrentcolumn=\count364
\pgf@matrix@numberofcolumns=\count365
)
\tikz@expandcount=\count366

(f:/texlive_1/2022/texmf-dist/tex/generic/pgf/frontendlayer/tikz/libraries/tikz
librarytopaths.code.tex
File: tikzlibrarytopaths.code.tex 2021/05/15 v3.1.9a (3.1.9a)
)))
(f:/texlive_1/2022/texmf-dist/tex/latex/graphics/lscape.sty
Package: lscape 2020/05/28 v3.02 Landscape Pages (DPC)
)
(f:/texlive_1/2022/texmf-dist/tex/latex/csquotes/csquotes.sty
Package: csquotes 2021-02-22 v5.2l context-sensitive quotations (JAW)

(f:/texlive_1/2022/texmf-dist/tex/latex/etoolbox/etoolbox.sty
Package: etoolbox 2020/10/05 v2.5k e-TeX tools for LaTeX (JAW)
\etb@tempcnta=\count367
)
\csq@reset=\count368
\csq@gtype=\count369
\csq@glevel=\count370
\csq@qlevel=\count371
\csq@maxlvl=\count372
\csq@tshold=\count373
\csq@ltx@everypar=\toks55

(f:/texlive_1/2022/texmf-dist/tex/latex/csquotes/csquotes.def
File: csquotes.def 2021-02-22 v5.2l csquotes generic definitions (JAW)
)
Package csquotes Info: Trying to load configuration file 'csquotes.cfg'...
Package csquotes Info: ... configuration file loaded successfully.

(f:/texlive_1/2022/texmf-dist/tex/latex/csquotes/csquotes.cfg
File: csquotes.cfg 
))
(f:/texlive_1/2022/texmf-dist/tex/latex/caption/subcaption.sty
Package: subcaption 2022/01/07 v1.5 Sub-captions (AR)
\c@subfigure=\count374
\c@subtable=\count375
)
(f:/texlive_1/2022/texmf-dist/tex/latex/multirow/multirow.sty
Package: multirow 2021/03/15 v2.8 Span multiple rows of a table
\multirow@colwidth=\skip131
\multirow@cntb=\count376
\multirow@dima=\skip132
\bigstrutjot=\dimen327
)
(f:/texlive_1/2022/texmf-dist/tex/latex/datatool/datatool.sty
Package: datatool 2019/09/27 v2.32 (NLCT)

(f:/texlive_1/2022/texmf-dist/tex/latex/xkeyval/xkeyval.sty
Package: xkeyval 2020/11/20 v2.8 package option processing (HA)

(f:/texlive_1/2022/texmf-dist/tex/generic/xkeyval/xkeyval.tex
(f:/texlive_1/2022/texmf-dist/tex/generic/xkeyval/xkvutils.tex
\XKV@toks=\toks56
\XKV@tempa@toks=\toks57
)
\XKV@depth=\count377
File: xkeyval.tex 2014/12/03 v2.7a key=value parser (HA)
))
(f:/texlive_1/2022/texmf-dist/tex/latex/xfor/xfor.sty
Package: xfor 2009/02/05 v1.05 (NLCT)
)
(f:/texlive_1/2022/texmf-dist/tex/latex/substr/substr.sty
Package: substr 2009/10/20 v1.2 Handle substrings
\c@su@anzahl=\count378
)
(f:/texlive_1/2022/texmf-dist/tex/latex/datatool/datatool-base.sty
Package: datatool-base 2019/09/27 v2.32 (NLCT)

(f:/texlive_1/2022/texmf-dist/tex/latex/datatool/datatool-fp.sty
Package: datatool-fp 2019/09/27 v2.32 (NLCT)

(f:/texlive_1/2022/texmf-dist/tex/latex/fp/fp.sty
Package: fp 1995/04/02

`Fixed Point Package', Version 0.8, April 2, 1995 (C) Michael Mehlich
(f:/texlive_1/2022/texmf-dist/tex/latex/fp/defpattern.sty
Package: defpattern 1994/10/12
\actioncount=\count379
)
(f:/texlive_1/2022/texmf-dist/tex/latex/fp/fp-basic.sty
Package: fp-basic 1996/05/13
\FP@xs=\count380
\FP@xia=\count381
\FP@xib=\count382
\FP@xfa=\count383
\FP@xfb=\count384
\FP@rega=\count385
\FP@regb=\count386
\FP@regs=\count387
\FP@times=\count388
)
(f:/texlive_1/2022/texmf-dist/tex/latex/fp/fp-addons.sty
Package: fp-addons 1995/03/15
)
(f:/texlive_1/2022/texmf-dist/tex/latex/fp/fp-snap.sty
Package: fp-snap 1995/04/05
)
(f:/texlive_1/2022/texmf-dist/tex/latex/fp/fp-exp.sty
Package: fp-exp 1995/04/03
)
(f:/texlive_1/2022/texmf-dist/tex/latex/fp/fp-trigo.sty
Package: fp-trigo 1995/04/14
)
(f:/texlive_1/2022/texmf-dist/tex/latex/fp/fp-pas.sty
Package: fp-pas 1994/08/29
)
(f:/texlive_1/2022/texmf-dist/tex/latex/fp/fp-random.sty
Package: fp-random 1995/02/23
\FPseed=\count389
)
(f:/texlive_1/2022/texmf-dist/tex/latex/fp/fp-eqn.sty
Package: fp-eqn 1995/04/03
)
(f:/texlive_1/2022/texmf-dist/tex/latex/fp/fp-upn.sty
Package: fp-upn 1996/10/21
)
(f:/texlive_1/2022/texmf-dist/tex/latex/fp/fp-eval.sty
Package: fp-eval 1995/04/03
)))
\@dtl@toks=\toks58
\@dtl@tmpcount=\count390
\dtl@tmplength=\skip133
\dtl@sortresult=\count391
\@dtl@numgrpsepcount=\count392
\@dtl@datatype=\count393
\dtl@codeA=\count394
\dtl@codeB=\count395
\@dtl@foreach@level=\count396
)
\dtlcolumnnum=\count397
\dtlrownum=\count398
\@dtl@before=\toks59
\@dtl@after=\toks60
\@dtl@colhead=\toks61
\dtlcurrentrow=\toks62
\dtlbeforerow=\toks63
\dtlafterrow=\toks64
\dtlforeachlevel=\count399
\c@DTLrowi=\count400
\c@DTLrowii=\count401
\c@DTLrowiii=\count402
\c@DTLrow=\count403
\dtl@rowi=\count404
\dtl@rowii=\count405
\dtl@rowiii=\count406
\@dtl@curi=\toks65
\@dtl@previ=\toks66
\@dtl@nexti=\toks67
\@dtl@curii=\toks68
\@dtl@previi=\toks69
\@dtl@nextii=\toks70
\@dtl@curiii=\toks71
\@dtl@previii=\toks72
\@dtl@nextiii=\toks73
\@dtl@elements=\count407
\@dtl@list=\toks74
\@dtl@rowa=\toks75
\@dtl@rowb=\toks76
\@dtl@toksA=\toks77
\@dtl@toksB=\toks78
\@dtl@write=\write4
\@dtl@read=\read3
\dtl@entrycr=\count408
\dtl@omitlines=\count409
)
(f:/texlive_1/2022/texmf-dist/tex/latex/siunitx/siunitx.sty
Package: siunitx 2022-02-15 v3.0.49 A comprehensive (SI) units package
\l__siunitx_angle_tmp_dim=\dimen328
\l__siunitx_angle_marker_box=\box68
\l__siunitx_angle_unit_box=\box69
\l__siunitx_compound_count_int=\count410

(f:/texlive_1/2022/texmf-dist/tex/latex/translations/translations.sty
Package: translations 2022/02/05 v1.12 internationalization of LaTeX2e packages
 (CN)

(f:/texlive_1/2022/texmf-dist/tex/generic/pdftexcmds/pdftexcmds.sty
Package: pdftexcmds 2020-06-27 v0.33 Utility functions of pdfTeX for LuaTeX (HO
)

(f:/texlive_1/2022/texmf-dist/tex/generic/infwarerr/infwarerr.sty
Package: infwarerr 2019/12/03 v1.5 Providing info/warning/error messages (HO)
)
(f:/texlive_1/2022/texmf-dist/tex/generic/ltxcmds/ltxcmds.sty
Package: ltxcmds 2020-05-10 v1.25 LaTeX kernel commands for general use (HO)
)
Package pdftexcmds Info: \pdf@primitive is available.
Package pdftexcmds Info: \pdf@ifprimitive is available.
Package pdftexcmds Info: \pdfdraftmode not found.
))
\l__siunitx_number_exponent_fixed_int=\count411
\l__siunitx_number_min_decimal_int=\count412
\l__siunitx_number_min_integer_int=\count413
\l__siunitx_number_round_precision_int=\count414
\l__siunitx_number_group_minimum_int=\count415
\l__siunitx_table_tmp_box=\box70
\l__siunitx_table_tmp_dim=\dimen329
\l__siunitx_table_column_width_dim=\dimen330
\l__siunitx_table_integer_box=\box71
\l__siunitx_table_decimal_box=\box72
\l__siunitx_table_before_box=\box73
\l__siunitx_table_after_box=\box74
\l__siunitx_table_before_dim=\dimen331
\l__siunitx_table_carry_dim=\dimen332
\l__siunitx_unit_tmp_int=\count416
\l__siunitx_unit_position_int=\count417
\l__siunitx_unit_total_int=\count418

(f:/texlive_1/2022/texmf-dist/tex/latex/tools/array.sty
Package: array 2021/10/04 v2.5f Tabular extension package (FMi)
\col@sep=\dimen333
\ar@mcellbox=\box75
\extrarowheight=\dimen334
\NC@list=\toks79
\extratabsurround=\skip134
\backup@length=\skip135
\ar@cellbox=\box76
))
(f:/texlive_1/2022/texmf-dist/tex/latex/tools/longtable.sty
Package: longtable 2021-09-01 v4.17 Multi-page Table package (DPC)
\LTleft=\skip136
\LTright=\skip137
\LTpre=\skip138
\LTpost=\skip139
\LTchunksize=\count419
\LTcapwidth=\dimen335
\LT@head=\box77
\LT@firsthead=\box78
\LT@foot=\box79
\LT@lastfoot=\box80
\LT@gbox=\box81
\LT@cols=\count420
\LT@rows=\count421
\c@LT@tables=\count422
\c@LT@chunks=\count423
\LT@p@ftn=\toks80
)
(f:/texlive_1/2022/texmf-dist/tex/latex/booktabs/booktabs.sty
Package: booktabs 2020/01/12 v1.61803398 Publication quality tables
\heavyrulewidth=\dimen336
\lightrulewidth=\dimen337
\cmidrulewidth=\dimen338
\belowrulesep=\dimen339
\belowbottomsep=\dimen340
\aboverulesep=\dimen341
\abovetopsep=\dimen342
\cmidrulesep=\dimen343
\cmidrulekern=\dimen344
\defaultaddspace=\dimen345
\@cmidla=\count424
\@cmidlb=\count425
\@aboverulesep=\dimen346
\@belowrulesep=\dimen347
\@thisruleclass=\count426
\@lastruleclass=\count427
\@thisrulewidth=\dimen348
)
(f:/texlive_1/2022/texmf-dist/tex/latex/tabularray/tabularray.sty
Package: tabularray 2022-03-01 v2022A Typeset tabulars and arrays with LaTeX3
\l__tblr_a_int=\count428
\l__tblr_c_int=\count429
\l__tblr_r_int=\count430
\l__tblr_d_dim=\dimen349
\l__tblr_h_dim=\dimen350
\l__tblr_o_dim=\dimen351
\l__tblr_p_dim=\dimen352
\l__tblr_q_dim=\dimen353
\l__tblr_r_dim=\dimen354
\l__tblr_s_dim=\dimen355
\l__tblr_t_dim=\dimen356
\l__tblr_v_dim=\dimen357
\l__tblr_w_dim=\dimen358
\l__tblr_a_box=\box82
\l__tblr_b_box=\box83
\l__tblr_c_box=\box84
\l__tblr_d_box=\box85
\g__tblr_table_count_int=\count431
\c@rownum=\count432
\c@colnum=\count433
\c@rowcount=\count434
\c@colcount=\count435
\abovesep=\dimen359
\belowsep=\dimen360
\leftsep=\dimen361
\rightsep=\dimen362
\g_tblr_level_int=\count436
\g__tblr_data_row_key_count_int=\count437
\g__tblr_data_column_key_count_int=\count438
\g__tblr_data_cell_key_count_int=\count439
\g__tblr_array_int=\count440
\l__tblr_key_count_int=\count441
\l__tblr_key_quotient_int=\count442
\l__tblr_key_quotient_two_int=\count443
\l__tblr_key_remainder_int=\count444
\g__tblr_data_str_value_count_int=\count445
\rulewidth=\dimen363
\l__tblr_strut_ht_box=\box86
\l__tblr_strut_dp_box=\box87
\g__tblr_cell_wd_dim=\dimen364
\g__tblr_cell_ht_dim=\dimen365
\g__tblr_cell_head_dim=\dimen366
\g__tblr_cell_foot_dim=\dimen367
\l__column_target_dim=\dimen368
\l__tblr_caption_box=\box88
\l__tblr_caption_left_box=\box89
\l__tblr_row_head_box=\box90
\l__tblr_row_foot_box=\box91
\l__tblr_row_head_foot_dim=\dimen369
\tablewidth=\dimen370
\l__tblr_table_firsthead_box=\box92
\l__tblr_table_middlehead_box=\box93
\l__tblr_table_lasthead_box=\box94
\l__tblr_table_firstfoot_box=\box95
\l__tblr_table_middlefoot_box=\box96
\l__tblr_table_lastfoot_box=\box97
\l__tblr_remain_height_dim=\dimen371
\l__tblr_long_from_int=\count446
\l__tblr_long_to_int=\count447
\l__tblr_curr_i_int=\count448
\l__tblr_prev_i_int=\count449
\l__tblr_table_page_int=\count450
\l__tblr_table_head_box=\box98
\l__tblr_table_foot_box=\box99
\l__tblr_table_head_foot_dim=\dimen372
\l__tblr_table_head_body_foot_dim=\dimen373
\l__tblr_table_box=\box100
\l__tblr_table_hlines_box=\box101
\l__tblr_hline_box=\box102
\l__tblr_row_box=\box103
\l__tblr_col_o_wd_dim=\dimen374
\l__tblr_col_b_wd_dim=\dimen375
\l__tblr_hline_leftskip_dim=\dimen376
\l__tblr_hline_rightskip_dim=\dimen377
\l__tblr_row_ht_dim=\dimen378
\l__tblr_row_dp_dim=\dimen379
\l__tblr_row_abovesep_dim=\dimen380
\l__tblr_row_belowsep_dim=\dimen381
\l__tblr_row_vlines_box=\box104
\l__tblr_vline_box=\box105
\l__tblr_cell_box=\box106
\l__row_upper_dim=\dimen382
\l__row_lower_dim=\dimen383
\l__row_vpace_dim=\dimen384
\l__tblr_vline_aboveskip_dim=\dimen385
\l__tblr_vline_belowskip_dim=\dimen386
\l__tblr_cell_wd_dim=\dimen387
\l__tblr_cell_ht_dim=\dimen388
\l__tblr_diag_box=\box107
)
(f:/texlive_1/2022/texmf-dist/tex/latex/threeparttable/threeparttable.sty
Package: threeparttable 2003/06/13  v 3.0
\@tempboxb=\box108
)
(f:/texlive_1/2022/texmf-dist/tex/latex/boxedminipage/boxedminipage2e.sty
Package: boxedminipage2e 


Package boxedminipage2e Warning: The boxedminipage2e package has been
(boxedminipage2e)                renamed to boxedminipage. New documents
(boxedminipage2e)                should load boxedminipage instead of
(boxedminipage2e)                boxedminipage2e.

(f:/texlive_1/2022/texmf-dist/tex/latex/boxedminipage/boxedminipage.sty
Package: boxedminipage 2020/04/19 v1.1 Boxed LaTeX2e minipages
\bmp@box=\box109
\bmp@width=\skip140
\bmp@height=\skip141
)))
(./settings/format.tex)
(f:/texlive_1/2022/texmf-dist/tex/latex/zhlipsum/zhlipsum.sty
Package: zhlipsum 2020/04/10 v1.2.0 Chinese dummy text
\l__zhlipsum_begin_int=\count451
\l__zhlipsum_end_int=\count452
\l__zhlipsum_max_int=\count453

(f:/texlive_1/2022/texmf-dist/tex/latex/zhlipsum/zhlipsum-utf8.def
File: zhlipsum-utf8.def 2020/04/10 v1.2.0 Chinese dummy text with UTF-8 encodin
g (for zhlipsum)
\g__zhlipsum_simp_int=\count454

Package zhlipsum Info: Chinese dummy text "simp" is created. It has 50
(zhlipsum)             paragraphs.

\g__zhlipsum_trad_int=\count455

Package zhlipsum Info: Chinese dummy text "trad" is created. It has 50
(zhlipsum)             paragraphs.

\g__zhlipsum_nanshanjing_int=\count456

Package zhlipsum Info: Chinese dummy text "nanshanjing" is created. It has 43
(zhlipsum)             paragraphs.

\g__zhlipsum_xiangyu_int=\count457

Package zhlipsum Info: Chinese dummy text "xiangyu" is created. It has 45
(zhlipsum)             paragraphs.

\g__zhlipsum_zhufu_int=\count458

Package zhlipsum Info: Chinese dummy text "zhufu" is created. It has 110
(zhlipsum)             paragraphs.

\g__zhlipsum_aspirin_int=\count459

Package zhlipsum Info: Chinese dummy text "aspirin" is created. It has 66
(zhlipsum)             paragraphs.

))
(f:/texlive_1/2022/texmf-dist/tex/latex/mwe/mwe.sty
Package: mwe 2018/03/30 v0.5 Package to support minimal working examples (MWE)

(f:/texlive_1/2022/texmf-dist/tex/latex/lipsum/lipsum.sty
Package: lipsum 2021-09-20 v2.7 150 paragraphs of Lorem Ipsum dummy text
\g__lipsum_par_int=\count460
\l__lipsum_a_int=\count461
\l__lipsum_b_int=\count462

(f:/texlive_1/2022/texmf-dist/tex/latex/lipsum/lipsum.ltd.tex))
(f:/texlive_1/2022/texmf-dist/tex/latex/blindtext/blindtext.sty
Package: blindtext 2012/01/06 V2.0 blindtext-Package

(f:/texlive_1/2022/texmf-dist/tex/latex/tools/xspace.sty
Package: xspace 2014/10/28 v1.13 Space after command names (DPC,MH)
)
\c@blindtext=\count463
\c@Blindtext=\count464
\c@blind@countparstart=\count465
\blind@countxx=\count466
\blindtext@numBlindtext=\count467
\blind@countyy=\count468
\c@blindlist=\count469
\c@blindlistlevel=\count470
\c@blindlist@level=\count471
\blind@listitem=\count472
\c@blind@listcount=\count473
\c@blind@levelcount=\count474
\blind@mathformula=\count475
\blind@Mathformula=\count476
\c@blind@randomcount=\count477
\c@blind@randommax=\count478
\c@blind@pangramcount=\count479
\c@blind@pangrammax=\count480
))
(f:/texlive_1/2022/texmf-dist/tex/latex/biblatex/biblatex.sty
Package: biblatex 2022/02/02 v3.17 programmable bibliographies (PK/MW)

(f:/texlive_1/2022/texmf-dist/tex/latex/kvoptions/kvoptions.sty
Package: kvoptions 2020-10-07 v3.14 Key value format for package options (HO)

(f:/texlive_1/2022/texmf-dist/tex/generic/kvsetkeys/kvsetkeys.sty
Package: kvsetkeys 2019/12/15 v1.18 Key value parser (HO)
))
(f:/texlive_1/2022/texmf-dist/tex/latex/logreq/logreq.sty
Package: logreq 2010/08/04 v1.0 xml request logger
\lrq@indent=\count481

(f:/texlive_1/2022/texmf-dist/tex/latex/logreq/logreq.def
File: logreq.def 2010/08/04 v1.0 logreq spec v1.0
))
(f:/texlive_1/2022/texmf-dist/tex/latex/url/url.sty
\Urlmuskip=\muskip19
Package: url 2013/09/16  ver 3.4  Verb mode for urls, etc.
)
\c@tabx@nest=\count482
\c@listtotal=\count483
\c@listcount=\count484
\c@liststart=\count485
\c@liststop=\count486
\c@citecount=\count487
\c@citetotal=\count488
\c@multicitecount=\count489
\c@multicitetotal=\count490
\c@instcount=\count491
\c@maxnames=\count492
\c@minnames=\count493
\c@maxitems=\count494
\c@minitems=\count495
\c@citecounter=\count496
\c@maxcitecounter=\count497
\c@savedcitecounter=\count498
\c@uniquelist=\count499
\c@uniquename=\count500
\c@refsection=\count501
\c@refsegment=\count502
\c@maxextratitle=\count503
\c@maxextratitleyear=\count504
\c@maxextraname=\count505
\c@maxextradate=\count506
\c@maxextraalpha=\count507
\c@abbrvpenalty=\count508
\c@highnamepenalty=\count509
\c@lownamepenalty=\count510
\c@maxparens=\count511
\c@parenlevel=\count512
\blx@tempcnta=\count513
\blx@tempcntb=\count514
\blx@tempcntc=\count515
\c@blx@maxsection=\count516
\c@blx@maxsegment@0=\count517
\blx@notetype=\count518
\blx@parenlevel@text=\count519
\blx@parenlevel@foot=\count520
\c@blx@sectionciteorder@0=\count521
\blx@entrysetcounter=\count522
\blx@biblioinstance=\count523
\labelnumberwidth=\skip142
\labelalphawidth=\skip143
\biblabelsep=\skip144
\bibitemsep=\skip145
\bibnamesep=\skip146
\bibinitsep=\skip147
\bibparsep=\skip148
\bibhang=\skip149
\blx@bcfin=\read4
\blx@bcfout=\write5
\blx@langwohyphens=\language87
\c@mincomprange=\count524
\c@maxcomprange=\count525
\c@mincompwidth=\count526
Package biblatex Info: Trying to load biblatex default data model...
Package biblatex Info: ... file 'blx-dm.def' found.

(f:/texlive_1/2022/texmf-dist/tex/latex/biblatex/blx-dm.def
File: blx-dm.def 2022/02/02 v3.17 biblatex localization (PK/MW)
)
Package biblatex Info: Trying to load biblatex custom data model...
Package biblatex Info: ... file 'biblatex-dm.cfg' not found.
\c@afterword=\count527
\c@savedafterword=\count528
\c@annotator=\count529
\c@savedannotator=\count530
\c@author=\count531
\c@savedauthor=\count532
\c@bookauthor=\count533
\c@savedbookauthor=\count534
\c@commentator=\count535
\c@savedcommentator=\count536
\c@editor=\count537
\c@savededitor=\count538
\c@editora=\count539
\c@savededitora=\count540
\c@editorb=\count541
\c@savededitorb=\count542
\c@editorc=\count543
\c@savededitorc=\count544
\c@foreword=\count545
\c@savedforeword=\count546
\c@holder=\count547
\c@savedholder=\count548
\c@introduction=\count549
\c@savedintroduction=\count550
\c@namea=\count551
\c@savednamea=\count552
\c@nameb=\count553
\c@savednameb=\count554
\c@namec=\count555
\c@savednamec=\count556
\c@translator=\count557
\c@savedtranslator=\count558
\c@shortauthor=\count559
\c@savedshortauthor=\count560
\c@shorteditor=\count561
\c@savedshorteditor=\count562
\c@labelname=\count563
\c@savedlabelname=\count564
\c@institution=\count565
\c@savedinstitution=\count566
\c@lista=\count567
\c@savedlista=\count568
\c@listb=\count569
\c@savedlistb=\count570
\c@listc=\count571
\c@savedlistc=\count572
\c@listd=\count573
\c@savedlistd=\count574
\c@liste=\count575
\c@savedliste=\count576
\c@listf=\count577
\c@savedlistf=\count578
\c@location=\count579
\c@savedlocation=\count580
\c@organization=\count581
\c@savedorganization=\count582
\c@origlocation=\count583
\c@savedoriglocation=\count584
\c@origpublisher=\count585
\c@savedorigpublisher=\count586
\c@publisher=\count587
\c@savedpublisher=\count588
\c@language=\count589
\c@savedlanguage=\count590
\c@origlanguage=\count591
\c@savedoriglanguage=\count592
\c@pageref=\count593
\c@savedpageref=\count594
\shorthandwidth=\skip150
\shortjournalwidth=\skip151
\shortserieswidth=\skip152
\shorttitlewidth=\skip153
\shortauthorwidth=\skip154
\shorteditorwidth=\skip155
\locallabelnumberwidth=\skip156
\locallabelalphawidth=\skip157
\localshorthandwidth=\skip158
\localshortjournalwidth=\skip159
\localshortserieswidth=\skip160
\localshorttitlewidth=\skip161
\localshortauthorwidth=\skip162
\localshorteditorwidth=\skip163
Package biblatex Info: Trying to load enhanced support for Unicode engines...
Package biblatex Info: ... file 'blx-unicode.def' found.

(f:/texlive_1/2022/texmf-dist/tex/latex/biblatex/blx-unicode.def)
Package biblatex Info: Trying to load compatibility code...
Package biblatex Info: ... file 'blx-compat.def' found.

(f:/texlive_1/2022/texmf-dist/tex/latex/biblatex/blx-compat.def
File: blx-compat.def 2022/02/02 v3.17 biblatex compatibility (PK/MW)
)
Package biblatex Info: Trying to load BibTeX backend compatibility...
Package biblatex Info: ... file 'blx-bibtex.def' found.

(f:/texlive_1/2022/texmf-dist/tex/latex/biblatex/blx-bibtex.def
File: blx-bibtex.def 2022/02/02 v3.17 biblatex compatibility (PK/MW)


Package biblatex Warning: Using fall-back BibTeX(8) backend:
(biblatex)                functionality may be reduced/unavailable.

)
Package biblatex Info: Trying to load generic definitions...
Package biblatex Info: ... file 'biblatex.def' found.
 (f:/texlive_1/2022/texmf-dist/tex/latex/biblatex/biblatex.def
File: biblatex.def 2022/02/02 v3.17 biblatex compatibility (PK/MW)
\c@textcitecount=\count595
\c@textcitetotal=\count596
\c@textcitemaxnames=\count597
\c@biburlbigbreakpenalty=\count598
\c@biburlbreakpenalty=\count599
\c@biburlnumpenalty=\count600
\c@biburlucpenalty=\count601
\c@biburllcpenalty=\count602
\biburlbigskip=\muskip20
\biburlnumskip=\muskip21
\biburlucskip=\muskip22
\biburllcskip=\muskip23
\c@smartand=\count603
)
Package biblatex Info: Trying to load bibliography style 'numeric'...
Package biblatex Info: ... file 'numeric.bbx' found.

(f:/texlive_1/2022/texmf-dist/tex/latex/biblatex/bbx/numeric.bbx
File: numeric.bbx 2022/02/02 v3.17 biblatex bibliography style (PK/MW)
Package biblatex Info: Trying to load bibliography style 'standard'...
Package biblatex Info: ... file 'standard.bbx' found.

(f:/texlive_1/2022/texmf-dist/tex/latex/biblatex/bbx/standard.bbx
File: standard.bbx 2022/02/02 v3.17 biblatex bibliography style (PK/MW)
\c@bbx:relatedcount=\count604
\c@bbx:relatedtotal=\count605
))
Package biblatex Info: Trying to load citation style 'numeric'...
Package biblatex Info: ... file 'numeric.cbx' found.

(f:/texlive_1/2022/texmf-dist/tex/latex/biblatex/cbx/numeric.cbx
File: numeric.cbx 2022/02/02 v3.17 biblatex citation style (PK/MW)
Package biblatex Info: Redefining '\cite'.
Package biblatex Info: Redefining '\parencite'.
Package biblatex Info: Redefining '\footcite'.
Package biblatex Info: Redefining '\footcitetext'.
Package biblatex Info: Redefining '\smartcite'.
Package biblatex Info: Redefining '\supercite'.
Package biblatex Info: Redefining '\textcite'.
Package biblatex Info: Redefining '\textcites'.
Package biblatex Info: Redefining '\cites'.
Package biblatex Info: Redefining '\parencites'.
Package biblatex Info: Redefining '\smartcites'.
)
Package biblatex Info: Trying to load configuration file...
Package biblatex Info: ... file 'biblatex.cfg' found.

(f:/texlive_1/2022/texmf-dist/tex/latex/biblatex/biblatex.cfg
File: biblatex.cfg 
)
Package biblatex Info: XeTeX detected.
(biblatex)             Assuming input encoding 'utf8'.
Package biblatex Info: Document encoding is UTF8 ....
Package biblatex Info: ... and expl3
(biblatex)             2022-02-24 L3 programming layer (loader) 
(biblatex)             is new enough (at least 2020/04/06),
(biblatex)             setting 'casechanger=expl3'.

(f:/texlive_1/2022/texmf-dist/tex/latex/biblatex/blx-case-expl3.sty
Package: blx-case-expl3 2022/02/02 v3.17 expl3 case changing code for biblatex
))

Package fontspec Info: Font family 'TimesNewRoman(0)' created for font 'Times
(fontspec)             New Roman' with options [Ligatures=TeX].
(fontspec)              
(fontspec)              This font family consists of the following NFSS
(fontspec)             series/shapes:
(fontspec)              
(fontspec)             - 'normal' (m/n) with NFSS spec.: <->"Times New
(fontspec)             Roman/OT:script=latn;language=dflt;mapping=tex-text;"
(fontspec)             - 'small caps'  (m/sc) with NFSS spec.: <->"Times New
(fontspec)             Roman/OT:script=latn;language=dflt;+smcp;mapping=tex-tex
t;"
(fontspec)             - 'bold' (b/n) with NFSS spec.: <->"Times New
(fontspec)             Roman/B/OT:script=latn;language=dflt;mapping=tex-text;"
(fontspec)             - 'bold small caps'  (b/sc) with NFSS spec.: <->"Times
(fontspec)             New
(fontspec)             Roman/B/OT:script=latn;language=dflt;+smcp;mapping=tex-t
ext;"
(fontspec)             - 'italic' (m/it) with NFSS spec.: <->"Times New
(fontspec)             Roman/I/OT:script=latn;language=dflt;mapping=tex-text;"
(fontspec)             - 'italic small caps'  (m/scit) with NFSS spec.:
(fontspec)             <->"Times New
(fontspec)             Roman/I/OT:script=latn;language=dflt;+smcp;mapping=tex-t
ext;"
(fontspec)             - 'bold italic' (b/it) with NFSS spec.: <->"Times New
(fontspec)             Roman/BI/OT:script=latn;language=dflt;mapping=tex-text;"

(fontspec)             - 'bold italic small caps'  (b/scit) with NFSS spec.:
(fontspec)             <->"Times New
(fontspec)             Roman/BI/OT:script=latn;language=dflt;+smcp;mapping=tex-
text;"


Package fontspec Info: Font family 'TimesNewRoman(1)' created for font 'Times
(fontspec)             New Roman' with options [].
(fontspec)              
(fontspec)              This font family consists of the following NFSS
(fontspec)             series/shapes:
(fontspec)              
(fontspec)             - 'normal' (m/n) with NFSS spec.: <->"Times New
(fontspec)             Roman/OT:script=latn;language=dflt;"
(fontspec)             - 'small caps'  (m/sc) with NFSS spec.: <->"Times New
(fontspec)             Roman/OT:script=latn;language=dflt;+smcp;"
(fontspec)             - 'bold' (b/n) with NFSS spec.: <->"Times New
(fontspec)             Roman/B/OT:script=latn;language=dflt;"
(fontspec)             - 'bold small caps'  (b/sc) with NFSS spec.: <->"Times
(fontspec)             New Roman/B/OT:script=latn;language=dflt;+smcp;"
(fontspec)             - 'italic' (m/it) with NFSS spec.: <->"Times New
(fontspec)             Roman/I/OT:script=latn;language=dflt;"
(fontspec)             - 'italic small caps'  (m/scit) with NFSS spec.:
(fontspec)             <->"Times New
(fontspec)             Roman/I/OT:script=latn;language=dflt;+smcp;"
(fontspec)             - 'bold italic' (b/it) with NFSS spec.: <->"Times New
(fontspec)             Roman/BI/OT:script=latn;language=dflt;"
(fontspec)             - 'bold italic small caps'  (b/scit) with NFSS spec.:
(fontspec)             <->"Times New
(fontspec)             Roman/BI/OT:script=latn;language=dflt;+smcp;"

LaTeX Font Info:    Overwriting math alphabet `\mathrm' in version `normal'
(Font)                  OT1/cmr/m/n --> TU/TimesNewRoman(1)/m/n on input line 5
9.
LaTeX Font Info:    Overwriting math alphabet `\mathit' in version `normal'
(Font)                  OT1/cmr/m/it --> TU/TimesNewRoman(1)/m/it on input line
 59.
LaTeX Font Info:    Overwriting math alphabet `\mathbf' in version `normal'
(Font)                  OT1/cmr/bx/n --> TU/TimesNewRoman(1)/b/n on input line 
59.

Package fontspec Info: Font family 'Arial(0)' created for font 'Arial' with
(fontspec)             options [Ligatures=TeX].
(fontspec)              
(fontspec)              This font family consists of the following NFSS
(fontspec)             series/shapes:
(fontspec)              
(fontspec)             - 'normal' (m/n) with NFSS spec.:
(fontspec)             <->"Arial/OT:script=latn;language=dflt;mapping=tex-text;
"
(fontspec)             - 'small caps'  (m/sc) with NFSS spec.:
(fontspec)             <->"Arial/OT:script=latn;language=dflt;+smcp;mapping=tex
-text;"
(fontspec)             - 'bold' (b/n) with NFSS spec.:
(fontspec)             <->"Arial/B/OT:script=latn;language=dflt;mapping=tex-tex
t;"
(fontspec)             - 'bold small caps'  (b/sc) with NFSS spec.:
(fontspec)             <->"Arial/B/OT:script=latn;language=dflt;+smcp;mapping=t
ex-text;"
(fontspec)             - 'italic' (m/it) with NFSS spec.:
(fontspec)             <->"Arial/I/OT:script=latn;language=dflt;mapping=tex-tex
t;"
(fontspec)             - 'italic small caps'  (m/scit) with NFSS spec.:
(fontspec)             <->"Arial/I/OT:script=latn;language=dflt;+smcp;mapping=t
ex-text;"
(fontspec)             - 'bold italic' (b/it) with NFSS spec.:
(fontspec)             <->"Arial/BI/OT:script=latn;language=dflt;mapping=tex-te
xt;"
(fontspec)             - 'bold italic small caps'  (b/scit) with NFSS spec.:
(fontspec)             <->"Arial/BI/OT:script=latn;language=dflt;+smcp;mapping=
tex-text;"


Package fontspec Info: Font family 'Arial(1)' created for font 'Arial' with
(fontspec)             options [].
(fontspec)              
(fontspec)              This font family consists of the following NFSS
(fontspec)             series/shapes:
(fontspec)              
(fontspec)             - 'normal' (m/n) with NFSS spec.:
(fontspec)             <->"Arial/OT:script=latn;language=dflt;"
(fontspec)             - 'small caps'  (m/sc) with NFSS spec.:
(fontspec)             <->"Arial/OT:script=latn;language=dflt;+smcp;"
(fontspec)             - 'bold' (b/n) with NFSS spec.:
(fontspec)             <->"Arial/B/OT:script=latn;language=dflt;"
(fontspec)             - 'bold small caps'  (b/sc) with NFSS spec.:
(fontspec)             <->"Arial/B/OT:script=latn;language=dflt;+smcp;"
(fontspec)             - 'italic' (m/it) with NFSS spec.:
(fontspec)             <->"Arial/I/OT:script=latn;language=dflt;"
(fontspec)             - 'italic small caps'  (m/scit) with NFSS spec.:
(fontspec)             <->"Arial/I/OT:script=latn;language=dflt;+smcp;"
(fontspec)             - 'bold italic' (b/it) with NFSS spec.:
(fontspec)             <->"Arial/BI/OT:script=latn;language=dflt;"
(fontspec)             - 'bold italic small caps'  (b/scit) with NFSS spec.:
(fontspec)             <->"Arial/BI/OT:script=latn;language=dflt;+smcp;"

LaTeX Font Info:    Overwriting math alphabet `\mathsf' in version `normal'
(Font)                  OT1/cmss/m/n --> TU/Arial(1)/m/n on input line 59.
LaTeX Font Info:    Overwriting math alphabet `\mathsf' in version `bold'
(Font)                  OT1/cmss/bx/n --> TU/Arial(1)/b/n on input line 59.

Package fontspec Info: Font family 'CourierNew(0)' created for font 'Courier
(fontspec)             New' with options
(fontspec)             [WordSpace={1,0,0},HyphenChar=None,PunctuationSpace=Word
Space].
(fontspec)              
(fontspec)              This font family consists of the following NFSS
(fontspec)             series/shapes:
(fontspec)              
(fontspec)             - 'normal' (m/n) with NFSS spec.: <->"Courier
(fontspec)             New/OT:script=latn;language=dflt;"
(fontspec)             - 'small caps'  (m/sc) with NFSS spec.: 
(fontspec)             and font adjustment code:
(fontspec)             \fontdimen 2\font =1\fontdimen 2\font \fontdimen 3\font
(fontspec)             =0\fontdimen 3\font \fontdimen 4\font =0\fontdimen
(fontspec)             4\font \fontdimen 7\font =0\fontdimen 2\font
(fontspec)             \tex_hyphenchar:D \font =-1\scan_stop: 
(fontspec)             - 'bold' (b/n) with NFSS spec.: <->"Courier
(fontspec)             New/B/OT:script=latn;language=dflt;"
(fontspec)             - 'bold small caps'  (b/sc) with NFSS spec.: 
(fontspec)             and font adjustment code:
(fontspec)             \fontdimen 2\font =1\fontdimen 2\font \fontdimen 3\font
(fontspec)             =0\fontdimen 3\font \fontdimen 4\font =0\fontdimen
(fontspec)             4\font \fontdimen 7\font =0\fontdimen 2\font
(fontspec)             \tex_hyphenchar:D \font =-1\scan_stop: 
(fontspec)             - 'italic' (m/it) with NFSS spec.: <->"Courier
(fontspec)             New/I/OT:script=latn;language=dflt;"
(fontspec)             - 'italic small caps'  (m/scit) with NFSS spec.: 
(fontspec)             and font adjustment code:
(fontspec)             \fontdimen 2\font =1\fontdimen 2\font \fontdimen 3\font
(fontspec)             =0\fontdimen 3\font \fontdimen 4\font =0\fontdimen
(fontspec)             4\font \fontdimen 7\font =0\fontdimen 2\font
(fontspec)             \tex_hyphenchar:D \font =-1\scan_stop: 
(fontspec)             - 'bold italic' (b/it) with NFSS spec.: <->"Courier
(fontspec)             New/BI/OT:script=latn;language=dflt;"
(fontspec)             - 'bold italic small caps'  (b/scit) with NFSS spec.: 
(fontspec)             and font adjustment code:
(fontspec)             \fontdimen 2\font =1\fontdimen 2\font \fontdimen 3\font
(fontspec)             =0\fontdimen 3\font \fontdimen 4\font =0\fontdimen
(fontspec)             4\font \fontdimen 7\font =0\fontdimen 2\font
(fontspec)             \tex_hyphenchar:D \font =-1\scan_stop: 


Package fontspec Info: Font family 'CourierNew(1)' created for font 'Courier
(fontspec)             New' with options [].
(fontspec)              
(fontspec)              This font family consists of the following NFSS
(fontspec)             series/shapes:
(fontspec)              
(fontspec)             - 'normal' (m/n) with NFSS spec.: <->"Courier
(fontspec)             New/OT:script=latn;language=dflt;"
(fontspec)             - 'small caps'  (m/sc) with NFSS spec.: 
(fontspec)             - 'bold' (b/n) with NFSS spec.: <->"Courier
(fontspec)             New/B/OT:script=latn;language=dflt;"
(fontspec)             - 'bold small caps'  (b/sc) with NFSS spec.: 
(fontspec)             - 'italic' (m/it) with NFSS spec.: <->"Courier
(fontspec)             New/I/OT:script=latn;language=dflt;"
(fontspec)             - 'italic small caps'  (m/scit) with NFSS spec.: 
(fontspec)             - 'bold italic' (b/it) with NFSS spec.: <->"Courier
(fontspec)             New/BI/OT:script=latn;language=dflt;"
(fontspec)             - 'bold italic small caps'  (b/scit) with NFSS spec.: 

LaTeX Font Info:    Overwriting math alphabet `\mathtt' in version `normal'
(Font)                  OT1/cmtt/m/n --> TU/CourierNew(1)/m/n on input line 59.

LaTeX Font Info:    Overwriting math alphabet `\mathtt' in version `bold'
(Font)                  OT1/cmtt/m/n --> TU/CourierNew(1)/b/n on input line 59.


Package fontspec Info: Font family 'XITSMath-Regular.otf(0)' created for font
(fontspec)             'XITSMath-Regular.otf' with options
(fontspec)             [BoldItalicFont={},ItalicFont={},SmallCapsFont={},Script
=Math,BoldFont={XITSMath-Bold.otf}].
(fontspec)              
(fontspec)              This font family consists of the following NFSS
(fontspec)             series/shapes:
(fontspec)              
(fontspec)             - 'normal' (m/n) with NFSS spec.:
(fontspec)             <->"[XITSMath-Regular.otf]/OT:script=math;language=dflt;
"
(fontspec)             - 'small caps'  (m/sc) with NFSS spec.: 
(fontspec)             - 'bold' (b/n) with NFSS spec.:
(fontspec)             <->"[XITSMath-Bold.otf]/OT:script=math;language=dflt;"
(fontspec)             - 'bold small caps'  (b/sc) with NFSS spec.: 


Package fontspec Info: Font family 'XITSMath-Regular.otf(1)' created for font
(fontspec)             'XITSMath-Regular.otf' with options
(fontspec)             [BoldItalicFont={},ItalicFont={},SmallCapsFont={},Script
=Math,SizeFeatures={{Size=10.539375-},{Size=8.130375-10.539375,Font=XITSMath-Re
gular.otf,Style=MathScript},{Size=-8.130375,Font=XITSMath-Regular.otf,Style=Mat
hScriptScript}},BoldFont={XITSMath-Bold.otf}].
(fontspec)              
(fontspec)              This font family consists of the following NFSS
(fontspec)             series/shapes:
(fontspec)              
(fontspec)             - 'normal' (m/n) with NFSS spec.:
(fontspec)             <10.539375->"[XITSMath-Regular.otf]/OT:script=math;langu
age=dflt;"<8.130375-10.539375>"[XITSMath-Regular.otf]/OT:script=math;language=d
flt;+ssty=0;"<-8.130375>"[XITSMath-Regular.otf]/OT:script=math;language=dflt;+s
sty=1;"
(fontspec)             - 'small caps'  (m/sc) with NFSS spec.: 
(fontspec)             - 'bold' (b/n) with NFSS spec.:
(fontspec)             <->"[XITSMath-Bold.otf]/OT:script=math;language=dflt;"
(fontspec)             - 'bold small caps'  (b/sc) with NFSS spec.: 

LaTeX Font Info:    Encoding `OT1' has changed to `TU' for symbol font
(Font)              `operators' in the math version `normal' on input line 59.
LaTeX Font Info:    Overwriting symbol font `operators' in version `normal'
(Font)                  OT1/cmr/m/n --> TU/XITSMath-Regular.otf(1)/m/n on input
 line 59.
LaTeX Font Info:    Encoding `OT1' has changed to `TU' for symbol font
(Font)              `operators' in the math version `bold' on input line 59.
LaTeX Font Info:    Overwriting symbol font `operators' in version `bold'
(Font)                  OT1/cmr/bx/n --> TU/XITSMath-Regular.otf(1)/b/n on inpu
t line 59.

Package fontspec Info: XITSMath-Regular scale = 1.0001.


Package fontspec Info: XITSMath-Regular scale = 1.0001.


Package fontspec Info: XITSMath-Regular scale = 1.0001.


Package fontspec Info: XITSMath-Regular scale = 1.0001.


Package fontspec Info: XITSMath-Bold scale = 1.0001.


Package fontspec Info: Font family 'XITSMath-Regular.otf(2)' created for font
(fontspec)             'XITSMath-Regular.otf' with options
(fontspec)             [BoldItalicFont={},ItalicFont={},SmallCapsFont={},Script
=Math,SizeFeatures={{Size=10.539375-},{Size=8.130375-10.539375,Font=XITSMath-Re
gular.otf,Style=MathScript},{Size=-8.130375,Font=XITSMath-Regular.otf,Style=Mat
hScriptScript}},BoldFont={XITSMath-Bold.otf},ScaleAgain=1.0001,FontAdjustment={
\fontdimen
(fontspec)             8\font =6.9861pt\relax \fontdimen 9\font
(fontspec)             =5.7816pt\relax \fontdimen 10\font =5.7816pt\relax
(fontspec)             \fontdimen 11\font =8.4315pt\relax \fontdimen 12\font
(fontspec)             =5.7816pt\relax \fontdimen 13\font =4.818pt\relax
(fontspec)             \fontdimen 14\font =4.818pt\relax \fontdimen 15\font
(fontspec)             =3.31238pt\relax \fontdimen 16\font =3.01125pt\relax
(fontspec)             \fontdimen 17\font =3.01125pt\relax \fontdimen 18\font
(fontspec)             =4.51688pt\relax \fontdimen 19\font =0.60225pt\relax
(fontspec)             \fontdimen 22\font =3.01125pt\relax \fontdimen 20\font
(fontspec)             =0pt\relax \fontdimen 21\font =0pt\relax }].
(fontspec)              
(fontspec)              This font family consists of the following NFSS
(fontspec)             series/shapes:
(fontspec)              
(fontspec)             - 'normal' (m/n) with NFSS spec.:
(fontspec)             <10.539375->s*[1.0001]"[XITSMath-Regular.otf]/OT:script=
math;language=dflt;"<8.130375-10.539375>s*[1.0001]"[XITSMath-Regular.otf]/OT:sc
ript=math;language=dflt;+ssty=0;"<-8.130375>s*[1.0001]"[XITSMath-Regular.otf]/O
T:script=math;language=dflt;+ssty=1;"
(fontspec)             - 'small caps'  (m/sc) with NFSS spec.: 
(fontspec)             and font adjustment code:
(fontspec)             \fontdimen 8\font =6.9861pt\relax \fontdimen 9\font
(fontspec)             =5.7816pt\relax \fontdimen 10\font =5.7816pt\relax
(fontspec)             \fontdimen 11\font =8.4315pt\relax \fontdimen 12\font
(fontspec)             =5.7816pt\relax \fontdimen 13\font =4.818pt\relax
(fontspec)             \fontdimen 14\font =4.818pt\relax \fontdimen 15\font
(fontspec)             =3.31238pt\relax \fontdimen 16\font =3.01125pt\relax
(fontspec)             \fontdimen 17\font =3.01125pt\relax \fontdimen 18\font
(fontspec)             =4.51688pt\relax \fontdimen 19\font =0.60225pt\relax
(fontspec)             \fontdimen 22\font =3.01125pt\relax \fontdimen 20\font
(fontspec)             =0pt\relax \fontdimen 21\font =0pt\relax 
(fontspec)             - 'bold' (b/n) with NFSS spec.:
(fontspec)             <->s*[1.0001]"[XITSMath-Bold.otf]/OT:script=math;languag
e=dflt;"
(fontspec)             - 'bold small caps'  (b/sc) with NFSS spec.: 
(fontspec)             and font adjustment code:
(fontspec)             \fontdimen 8\font =6.9861pt\relax \fontdimen 9\font
(fontspec)             =5.7816pt\relax \fontdimen 10\font =5.7816pt\relax
(fontspec)             \fontdimen 11\font =8.4315pt\relax \fontdimen 12\font
(fontspec)             =5.7816pt\relax \fontdimen 13\font =4.818pt\relax
(fontspec)             \fontdimen 14\font =4.818pt\relax \fontdimen 15\font
(fontspec)             =3.31238pt\relax \fontdimen 16\font =3.01125pt\relax
(fontspec)             \fontdimen 17\font =3.01125pt\relax \fontdimen 18\font
(fontspec)             =4.51688pt\relax \fontdimen 19\font =0.60225pt\relax
(fontspec)             \fontdimen 22\font =3.01125pt\relax \fontdimen 20\font
(fontspec)             =0pt\relax \fontdimen 21\font =0pt\relax 

LaTeX Font Info:    Encoding `OMS' has changed to `TU' for symbol font
(Font)              `symbols' in the math version `normal' on input line 59.
LaTeX Font Info:    Overwriting symbol font `symbols' in version `normal'
(Font)                  OMS/cmsy/m/n --> TU/XITSMath-Regular.otf(2)/m/n on inpu
t line 59.
LaTeX Font Info:    Encoding `OMS' has changed to `TU' for symbol font
(Font)              `symbols' in the math version `bold' on input line 59.
LaTeX Font Info:    Overwriting symbol font `symbols' in version `bold'
(Font)                  OMS/cmsy/b/n --> TU/XITSMath-Regular.otf(2)/b/n on inpu
t line 59.

Package fontspec Info: XITSMath-Regular scale = 0.9999.


Package fontspec Info: XITSMath-Regular scale = 0.9999.


Package fontspec Info: XITSMath-Regular scale = 0.9999.


Package fontspec Info: XITSMath-Regular scale = 0.9999.


Package fontspec Info: XITSMath-Bold scale = 0.9999.


Package fontspec Info: Font family 'XITSMath-Regular.otf(3)' created for font
(fontspec)             'XITSMath-Regular.otf' with options
(fontspec)             [BoldItalicFont={},ItalicFont={},SmallCapsFont={},Script
=Math,SizeFeatures={{Size=10.539375-},{Size=8.130375-10.539375,Font=XITSMath-Re
gular.otf,Style=MathScript},{Size=-8.130375,Font=XITSMath-Regular.otf,Style=Mat
hScriptScript}},BoldFont={XITSMath-Bold.otf},ScaleAgain=0.9999,FontAdjustment={
\fontdimen
(fontspec)             8\font =0.79497pt\relax \fontdimen 9\font
(fontspec)             =1.80675pt\relax \fontdimen 10\font =1.80675pt\relax
(fontspec)             \fontdimen 11\font =3.6135pt\relax \fontdimen 12\font
(fontspec)             =7.227pt\relax \fontdimen 13\font =0pt\relax }].
(fontspec)              
(fontspec)              This font family consists of the following NFSS
(fontspec)             series/shapes:
(fontspec)              
(fontspec)             - 'normal' (m/n) with NFSS spec.:
(fontspec)             <10.539375->s*[0.9999]"[XITSMath-Regular.otf]/OT:script=
math;language=dflt;"<8.130375-10.539375>s*[0.9999]"[XITSMath-Regular.otf]/OT:sc
ript=math;language=dflt;+ssty=0;"<-8.130375>s*[0.9999]"[XITSMath-Regular.otf]/O
T:script=math;language=dflt;+ssty=1;"
(fontspec)             - 'small caps'  (m/sc) with NFSS spec.: 
(fontspec)             and font adjustment code:
(fontspec)             \fontdimen 8\font =0.79497pt\relax \fontdimen 9\font
(fontspec)             =1.80675pt\relax \fontdimen 10\font =1.80675pt\relax
(fontspec)             \fontdimen 11\font =3.6135pt\relax \fontdimen 12\font
(fontspec)             =7.227pt\relax \fontdimen 13\font =0pt\relax 
(fontspec)             - 'bold' (b/n) with NFSS spec.:
(fontspec)             <->s*[0.9999]"[XITSMath-Bold.otf]/OT:script=math;languag
e=dflt;"
(fontspec)             - 'bold small caps'  (b/sc) with NFSS spec.: 
(fontspec)             and font adjustment code:
(fontspec)             \fontdimen 8\font =0.79497pt\relax \fontdimen 9\font
(fontspec)             =1.80675pt\relax \fontdimen 10\font =1.80675pt\relax
(fontspec)             \fontdimen 11\font =3.6135pt\relax \fontdimen 12\font
(fontspec)             =7.227pt\relax \fontdimen 13\font =0pt\relax 

LaTeX Font Info:    Encoding `OMX' has changed to `TU' for symbol font
(Font)              `largesymbols' in the math version `normal' on input line 5
9.
LaTeX Font Info:    Overwriting symbol font `largesymbols' in version `normal'
(Font)                  OMX/cmex/m/n --> TU/XITSMath-Regular.otf(3)/m/n on inpu
t line 59.
LaTeX Font Info:    Encoding `OMX' has changed to `TU' for symbol font
(Font)              `largesymbols' in the math version `bold' on input line 59.

LaTeX Font Info:    Overwriting symbol font `largesymbols' in version `bold'
(Font)                  OMX/cmex/m/n --> TU/XITSMath-Regular.otf(3)/b/n on inpu
t line 59.

(f:/texlive_1/2022/texmf-dist/tex/latex/hyperref/hyperref.sty
Package: hyperref 2022-02-21 v7.00n Hypertext links for LaTeX

(f:/texlive_1/2022/texmf-dist/tex/generic/kvdefinekeys/kvdefinekeys.sty
Package: kvdefinekeys 2019-12-19 v1.6 Define keys (HO)
)
(f:/texlive_1/2022/texmf-dist/tex/generic/pdfescape/pdfescape.sty
Package: pdfescape 2019/12/09 v1.15 Implements pdfTeX's escape features (HO)
)
(f:/texlive_1/2022/texmf-dist/tex/latex/hycolor/hycolor.sty
Package: hycolor 2020-01-27 v1.10 Color options for hyperref/bookmark (HO)
)
(f:/texlive_1/2022/texmf-dist/tex/latex/letltxmacro/letltxmacro.sty
Package: letltxmacro 2019/12/03 v1.6 Let assignment for LaTeX macros (HO)
)
(f:/texlive_1/2022/texmf-dist/tex/latex/auxhook/auxhook.sty
Package: auxhook 2019-12-17 v1.6 Hooks for auxiliary files (HO)
)
\@linkdim=\dimen389
\Hy@linkcounter=\count606
\Hy@pagecounter=\count607

(f:/texlive_1/2022/texmf-dist/tex/latex/hyperref/pd1enc.def
File: pd1enc.def 2022-02-21 v7.00n Hyperref: PDFDocEncoding definition (HO)
)
(f:/texlive_1/2022/texmf-dist/tex/generic/intcalc/intcalc.sty
Package: intcalc 2019/12/15 v1.3 Expandable calculations with integers (HO)
)
(f:/texlive_1/2022/texmf-dist/tex/generic/etexcmds/etexcmds.sty
Package: etexcmds 2019/12/15 v1.7 Avoid name clashes with e-TeX commands (HO)
)
\Hy@SavedSpaceFactor=\count608

(f:/texlive_1/2022/texmf-dist/tex/latex/hyperref/puenc.def
File: puenc.def 2022-02-21 v7.00n Hyperref: PDF Unicode definition (HO)
)
Package hyperref Info: Option `unicode' set `true' on input line 4018.
Package hyperref Info: Hyper figures OFF on input line 4137.
Package hyperref Info: Link nesting OFF on input line 4142.
Package hyperref Info: Hyper index ON on input line 4145.
Package hyperref Info: Plain pages OFF on input line 4152.
Package hyperref Info: Backreferencing OFF on input line 4157.
Package hyperref Info: Implicit mode ON; LaTeX internals redefined.
Package hyperref Info: Bookmarks ON on input line 4390.
\c@Hy@tempcnt=\count609
LaTeX Info: Redefining \url on input line 4749.
\XeTeXLinkMargin=\dimen390

(f:/texlive_1/2022/texmf-dist/tex/generic/bitset/bitset.sty
Package: bitset 2019/12/09 v1.3 Handle bit-vector datatype (HO)

(f:/texlive_1/2022/texmf-dist/tex/generic/bigintcalc/bigintcalc.sty
Package: bigintcalc 2019/12/15 v1.5 Expandable calculations on big integers (HO
)
))
\Fld@menulength=\count610
\Field@Width=\dimen391
\Fld@charsize=\dimen392
Package hyperref Info: Hyper figures OFF on input line 6027.
Package hyperref Info: Link nesting OFF on input line 6032.
Package hyperref Info: Hyper index ON on input line 6035.
Package hyperref Info: backreferencing OFF on input line 6042.
Package hyperref Info: Link coloring OFF on input line 6047.
Package hyperref Info: Link coloring with OCG OFF on input line 6052.
Package hyperref Info: PDF/A mode OFF on input line 6057.
LaTeX Info: Redefining \ref on input line 6097.
LaTeX Info: Redefining \pageref on input line 6101.

(f:/texlive_1/2022/texmf-dist/tex/latex/base/atbegshi-ltx.sty
Package: atbegshi-ltx 2021/01/10 v1.0c Emulation of the original atbegshi
package with kernel methods
)
\Hy@abspage=\count611
\c@Item=\count612
\c@Hfootnote=\count613
)
Package hyperref Info: Driver (autodetected): hxetex.

(f:/texlive_1/2022/texmf-dist/tex/latex/hyperref/hxetex.def
File: hxetex.def 2022-02-21 v7.00n Hyperref driver for XeTeX

(f:/texlive_1/2022/texmf-dist/tex/generic/stringenc/stringenc.sty
Package: stringenc 2019/11/29 v1.12 Convert strings between diff. encodings (HO
)
)
\pdfm@box=\box110
\c@Hy@AnnotLevel=\count614
\HyField@AnnotCount=\count615
\Fld@listcount=\count616
\c@bookmark@seq@number=\count617

(f:/texlive_1/2022/texmf-dist/tex/latex/rerunfilecheck/rerunfilecheck.sty
Package: rerunfilecheck 2019/12/05 v1.9 Rerun checks for auxiliary files (HO)

(f:/texlive_1/2022/texmf-dist/tex/latex/base/atveryend-ltx.sty
Package: atveryend-ltx 2020/08/19 v1.0a Emulation of the original atveryend pac
kage
with kernel methods
)
(f:/texlive_1/2022/texmf-dist/tex/generic/uniquecounter/uniquecounter.sty
Package: uniquecounter 2019/12/15 v1.4 Provide unlimited unique counter (HO)
)
Package uniquecounter Info: New unique counter `rerunfilecheck' on input line 2
86.
)
\Hy@SectionHShift=\skip164
)
Package hyperref Info: Option `bookmarksnumbered' set `true' on input line 59.
Package hyperref Info: Option `psdextra' set `true' on input line 59.

(f:/texlive_1/2022/texmf-dist/tex/latex/hyperref/puenc-greekbasic.def
File: puenc-greekbasic.def 2022-02-21 v7.00n Hyperref: PDF Unicode definition (
greek block) (HO)
)
(f:/texlive_1/2022/texmf-dist/tex/latex/hyperref/psdextra.def
File: psdextra.def 2022-02-21 v7.00n Hyperref: Additions to PDF string support
)
Package hyperref Info: Option `unicode' set `true' on input line 59.


Package hyperref Warning: Unexpected value for option `hidelinks'
(hyperref)                is ignored on input line 59.

Package hyperref Info: Option `colorlinks' set `true' on input line 59.

Package biblatex Warning: The command '\BiblatexManualHyperrefOn' can
(biblatex)                only be used with 'hyperref=manual'.

Package csquotes Info: Checking for multilingual support...
Package csquotes Info: ... none found.
Package translations Info: No language package found. I am going to use `englis
h' as default language. on input line 59.

Package fontspec Info: Could not resolve font "SimSun/B" (it probably doesn't
(fontspec)             exist).


Package fontspec Info: Could not resolve font "SimSun/I" (it probably doesn't
(fontspec)             exist).


Package fontspec Info: Could not resolve font "SimSun/BI" (it probably doesn't
(fontspec)             exist).


Package fontspec Info: Font family 'SimSun(0)' created for font 'SimSun' with
(fontspec)             options
(fontspec)             [Script={CJK},UprightFont={*},AutoFakeBold={4},ItalicFon
t={*}].
(fontspec)              
(fontspec)              This font family consists of the following NFSS
(fontspec)             series/shapes:
(fontspec)              
(fontspec)             - 'normal' (m/n) with NFSS spec.:
(fontspec)             <->"SimSun/OT:script=hani;language=dflt;"
(fontspec)             - 'small caps'  (m/sc) with NFSS spec.: 
(fontspec)             - 'bold' (b/n) with NFSS spec.:
(fontspec)             <->"SimSun/OT:script=hani;language=dflt;embolden=4;"
(fontspec)             - 'bold small caps'  (b/sc) with NFSS spec.: 
(fontspec)             - 'italic' (m/it) with NFSS spec.:
(fontspec)             <->"SimSun/OT:script=hani;language=dflt;"
(fontspec)             - 'italic small caps'  (m/scit) with NFSS spec.: 

(./main.aux (./contents/chap01.aux) (./contents/chap02.aux)
(./contents/chap03.aux) (./contents/chap04.aux) (./contents/chap05.aux)
(./contents/chap06.aux))
\openout1 = `main.aux'.

LaTeX Font Info:    Checking defaults for OML/cmm/m/it on input line 59.
LaTeX Font Info:    ... okay on input line 59.
LaTeX Font Info:    Checking defaults for OMS/cmsy/m/n on input line 59.
LaTeX Font Info:    ... okay on input line 59.
LaTeX Font Info:    Checking defaults for OT1/cmr/m/n on input line 59.
LaTeX Font Info:    ... okay on input line 59.
LaTeX Font Info:    Checking defaults for T1/cmr/m/n on input line 59.
LaTeX Font Info:    ... okay on input line 59.
LaTeX Font Info:    Checking defaults for TS1/cmr/m/n on input line 59.
LaTeX Font Info:    ... okay on input line 59.
LaTeX Font Info:    Checking defaults for TU/lmr/m/n on input line 59.
LaTeX Font Info:    ... okay on input line 59.
LaTeX Font Info:    Checking defaults for OMX/cmex/m/n on input line 59.
LaTeX Font Info:    ... okay on input line 59.
LaTeX Font Info:    Checking defaults for U/cmr/m/n on input line 59.
LaTeX Font Info:    ... okay on input line 59.
LaTeX Font Info:    Checking defaults for PD1/pdf/m/n on input line 59.
LaTeX Font Info:    ... okay on input line 59.
LaTeX Font Info:    Checking defaults for PU/pdf/m/n on input line 59.
LaTeX Font Info:    ... okay on input line 59.

*geometry* driver: auto-detecting
*geometry* detected driver: xetex
*geometry* verbose mode - [ preamble ] result:
* driver: xetex
* paper: a4paper
* layout: <same size as paper>
* layoutoffset:(h,v)=(0.0pt,0.0pt)
* modes: twoside 
* h-part:(L,W,R)=(69.70915pt, 458.08957pt, 69.70915pt)
* v-part:(T,H,B)=(89.34163pt, 647.58467pt, 108.12054pt)
* \paperwidth=597.50787pt
* \paperheight=845.04684pt
* \textwidth=458.08957pt
* \textheight=647.58467pt
* \oddsidemargin=-2.56084pt
* \evensidemargin=-2.56084pt
* \topmargin=-23.61601pt
* \headheight=22.76228pt
* \headsep=17.92537pt
* \topskip=12.0pt
* \footskip=65.44142pt
* \marginparwidth=98.0pt
* \marginparsep=7.0pt
* \columnsep=10.0pt
* \skip\footins=10.8pt plus 4.0pt minus 2.0pt
* \hoffset=0.0pt
* \voffset=0.0pt
* \mag=1000
* \@twocolumnfalse
* \@twosidetrue
* \@mparswitchtrue
* \@reversemarginfalse
* (1in=72.27pt=25.4mm, 1cm=28.453pt)

Package caption Info: Begin \AtBeginDocument code.
Package caption Info: hyperref package is loaded.
Package caption Info: longtable package is loaded.
(f:/texlive_1/2022/texmf-dist/tex/latex/caption/ltcaption.sty
Package: ltcaption 2021/01/08 v1.4c longtable captions (AR)
)
Package caption Info: threeparttable package is loaded.
Package caption Info: End \AtBeginDocument code.
Package bicaption Info: Main language is not set on input line 59.

(f:/texlive_1/2022/texmf-dist/tex/latex/translations/translations-basic-diction
ary-english.trsl
File: translations-basic-dictionary-english.trsl (english translation file `tra
nslations-basic-dictionary')
)
Package translations Info: loading dictionary `translations-basic-dictionary' f
or `english'. on input line 59.

(f:/texlive_1/2022/texmf-dist/tex/latex/ninecolors/ninecolors.sty
Package: ninecolors 2022-02-13 vv2022D Select colors with proper color contrast

)
Package biblatex Info: Trying to load language 'english'...
Package biblatex Info: ... file 'english.lbx' found.

(f:/texlive_1/2022/texmf-dist/tex/latex/biblatex/lbx/english.lbx
File: english.lbx 2022/02/02 v3.17 biblatex localization (PK/MW)
)
Package biblatex Info: XeTeX detected.
(biblatex)             Assuming input encoding 'utf8'.
Package biblatex Info: Automatic encoding selection.
(biblatex)             Assuming data encoding 'utf8'.
Package biblatex Info: XeTeX detected.
(biblatex)             Assuming input encoding 'utf8'.
Package biblatex Info: Data encoding 'utf8' specified.
(biblatex)             No need to reencode data.
\openout5 = `main-blx.bib'.

Package biblatex Info: Trying to load bibliographic data...
Package biblatex Info: ... file 'main.bbl' found.
 (./main.bbl
Invalid UTF-8 byte or sequence at line 127 replaced by U+FFFD.
Invalid UTF-8 byte or sequence at line 129 replaced by U+FFFD.
Invalid UTF-8 byte or sequence at line 132 replaced by U+FFFD.
Invalid UTF-8 byte or sequence at line 133 replaced by U+FFFD.
Invalid UTF-8 byte or sequence at line 136 replaced by U+FFFD.
Invalid UTF-8 byte or sequence at line 137 replaced by U+FFFD.
Invalid UTF-8 byte or sequence at line 147 replaced by U+FFFD.
Invalid UTF-8 byte or sequence at line 149 replaced by U+FFFD.
Invalid UTF-8 byte or sequence at line 152 replaced by U+FFFD.
Invalid UTF-8 byte or sequence at line 153 replaced by U+FFFD.
Invalid UTF-8 byte or sequence at line 156 replaced by U+FFFD.
Invalid UTF-8 byte or sequence at line 157 replaced by U+FFFD.
)
Package biblatex Info: Reference section=0 on input line 59.
Package biblatex Info: Reference segment=0 on input line 59.
Package hyperref Info: Link coloring ON on input line 59.

(f:/texlive_1/2022/texmf-dist/tex/latex/hyperref/nameref.sty
Package: nameref 2021-04-02 v2.47 Cross-referencing by name of section

(f:/texlive_1/2022/texmf-dist/tex/latex/refcount/refcount.sty
Package: refcount 2019/12/15 v3.6 Data extraction from label references (HO)
)
(f:/texlive_1/2022/texmf-dist/tex/generic/gettitlestring/gettitlestring.sty
Package: gettitlestring 2019/12/15 v1.6 Cleanup title references (HO)
)
\c@section@level=\count618
)
LaTeX Info: Redefining \ref on input line 59.
LaTeX Info: Redefining \pageref on input line 59.
LaTeX Info: Redefining \nameref on input line 59.

(./main.out) (./main.out)
\@outlinefile=\write6
\openout6 = `main.out'.

*geometry* verbose mode - [ newgeometry ] result:
* driver: xetex
* paper: a4paper
* layout: <same size as paper>
* layoutoffset:(h,v)=(0.0pt,0.0pt)
* modes: twoside 
* h-part:(L,W,R)=(90.3375pt, 416.83289pt, 90.3375pt)
* v-part:(T,H,B)=(72.26999pt, 700.50687pt, 72.26999pt)
* \paperwidth=597.50787pt
* \paperheight=845.04684pt
* \textwidth=416.83289pt
* \textheight=700.50687pt
* \oddsidemargin=18.0675pt
* \evensidemargin=18.0675pt
* \topmargin=-40.68765pt
* \headheight=22.76228pt
* \headsep=17.92537pt
* \topskip=12.0pt
* \footskip=65.44142pt
* \marginparwidth=98.0pt
* \marginparsep=7.0pt
* \columnsep=10.0pt
* \skip\footins=10.8pt plus 4.0pt minus 2.0pt
* \hoffset=0.0pt
* \voffset=0.0pt
* \mag=1000
* \@twocolumnfalse
* \@twosidetrue
* \@mparswitchtrue
* \@reversemarginfalse
* (1in=72.27pt=25.4mm, 1cm=28.453pt)

LaTeX Font Info:    Font shape `TU/XITSMath-Regular.otf(2)/m/n' will be
(Font)              scaled to size 14.05399pt on input line 59.
LaTeX Font Info:    Font shape `TU/XITSMath-Regular.otf(2)/m/n' will be
(Font)              scaled to size 10.54048pt on input line 59.
LaTeX Font Info:    Font shape `TU/XITSMath-Regular.otf(2)/m/n' will be
(Font)              scaled to size 7.52892pt on input line 59.
LaTeX Font Info:    Font shape `TU/XITSMath-Regular.otf(3)/m/n' will be
(Font)              scaled to size 14.05098pt on input line 59.
LaTeX Font Info:    Font shape `TU/XITSMath-Regular.otf(3)/m/n' will be
(Font)              scaled to size 10.53824pt on input line 59.
LaTeX Font Info:    Font shape `TU/XITSMath-Regular.otf(3)/m/n' will be
(Font)              scaled to size 7.52731pt on input line 59.
File: logo/nwafu-bar.pdf Graphic file (type pdf)
<use logo/nwafu-bar.pdf>

Package fontspec Info: Could not resolve font "KaiTi/B" (it probably doesn't
(fontspec)             exist).


Package fontspec Info: Could not resolve font "KaiTi/I" (it probably doesn't
(fontspec)             exist).


Package fontspec Info: Could not resolve font "KaiTi/BI" (it probably doesn't
(fontspec)             exist).


Package fontspec Info: Font family 'KaiTi(0)' created for font 'KaiTi' with
(fontspec)             options
(fontspec)             [Script={CJK},UprightFont={*},AutoFakeBold={4},ItalicFon
t={*}].
(fontspec)              
(fontspec)              This font family consists of the following NFSS
(fontspec)             series/shapes:
(fontspec)              
(fontspec)             - 'normal' (m/n) with NFSS spec.:
(fontspec)             <->"KaiTi/OT:script=hani;language=dflt;"
(fontspec)             - 'small caps'  (m/sc) with NFSS spec.: 
(fontspec)             - 'bold' (b/n) with NFSS spec.:
(fontspec)             <->"KaiTi/OT:script=hani;language=dflt;embolden=4;"
(fontspec)             - 'bold small caps'  (b/sc) with NFSS spec.: 
(fontspec)             - 'italic' (m/it) with NFSS spec.:
(fontspec)             <->"KaiTi/OT:script=hani;language=dflt;"
(fontspec)             - 'italic small caps'  (m/scit) with NFSS spec.: 


Package fontspec Info: Could not resolve font "SimHei/B" (it probably doesn't
(fontspec)             exist).


Package fontspec Info: Could not resolve font "SimHei/BI" (it probably doesn't
(fontspec)             exist).


Package fontspec Info: Could not resolve font "SimHei/B" (it probably doesn't
(fontspec)             exist).


Package fontspec Info: Font family 'SimHei(0)' created for font 'SimHei' with
(fontspec)             options [Script={CJK},UprightFont={*},ItalicFont={*}].
(fontspec)              
(fontspec)              This font family consists of the following NFSS
(fontspec)             series/shapes:
(fontspec)              
(fontspec)             - 'normal' (m/n) with NFSS spec.:
(fontspec)             <->"SimHei/OT:script=hani;language=dflt;"
(fontspec)             - 'small caps'  (m/sc) with NFSS spec.: 
(fontspec)             - 'italic' (m/it) with NFSS spec.:
(fontspec)             <->"SimHei/OT:script=hani;language=dflt;"
(fontspec)             - 'italic small caps'  (m/scit) with NFSS spec.: 



LaTeX Font Warning: Font shape `TU/SimHei(0)/b/n' undefined
(Font)              using `TU/SimHei(0)/m/n' instead on input line 59.

LaTeX Font Info:    Font shape `TU/XITSMath-Regular.otf(2)/m/n' will be
(Font)              scaled to size 22.08484pt on input line 59.
LaTeX Font Info:    Font shape `TU/XITSMath-Regular.otf(2)/m/n' will be
(Font)              scaled to size 16.0617pt on input line 59.
LaTeX Font Info:    Font shape `TU/XITSMath-Regular.otf(3)/m/n' will be
(Font)              scaled to size 22.08012pt on input line 59.
LaTeX Font Info:    Font shape `TU/XITSMath-Regular.otf(3)/m/n' will be
(Font)              scaled to size 16.05827pt on input line 59.
[1



] [2


]
*geometry* verbose mode - [ newgeometry ] result:
* driver: xetex
* paper: a4paper
* layout: <same size as paper>
* layoutoffset:(h,v)=(0.0pt,0.0pt)
* modes: twoside 
* h-part:(L,W,R)=(90.3375pt, 416.83289pt, 90.3375pt)
* v-part:(T,H,B)=(72.26999pt, 700.50687pt, 72.26999pt)
* \paperwidth=597.50787pt
* \paperheight=845.04684pt
* \textwidth=416.83289pt
* \textheight=700.50687pt
* \oddsidemargin=18.0675pt
* \evensidemargin=18.0675pt
* \topmargin=-40.68765pt
* \headheight=22.76228pt
* \headsep=17.92537pt
* \topskip=12.0pt
* \footskip=65.44142pt
* \marginparwidth=98.0pt
* \marginparsep=7.0pt
* \columnsep=10.0pt
* \skip\footins=10.8pt plus 4.0pt minus 2.0pt
* \hoffset=0.0pt
* \voffset=0.0pt
* \mag=1000
* \@twocolumnfalse
* \@twosidetrue
* \@mparswitchtrue
* \@reversemarginfalse
* (1in=72.27pt=25.4mm, 1cm=28.453pt)

 [3

] [4


] (./contents/chap00-abs-zh.tex) [5]
(./contents/chap00-abs-en.tex) [6

] (./main.toc
LaTeX Font Info:    Font shape `TU/XITSMath-Regular.otf(2)/m/n' will be
(Font)              scaled to size 7.00075pt on input line 1.
LaTeX Font Info:    Font shape `TU/XITSMath-Regular.otf(2)/m/n' will be
(Font)              scaled to size 5.00053pt on input line 1.
LaTeX Font Info:    Font shape `TU/XITSMath-Regular.otf(3)/m/n' will be
(Font)              scaled to size 6.99925pt on input line 1.
LaTeX Font Info:    Font shape `TU/XITSMath-Regular.otf(3)/m/n' will be
(Font)              scaled to size 4.99947pt on input line 1.
 [1


] [2])
\tf@toc=\write7
\openout7 = `main.toc'.

 [3] [4

]
\openout2 = `contents/chap01.aux'.


(./contents/chap01.tex
1

Underfull \vbox (badness 10000) has occurred while \output is active []

 [1


]
[2] [3] [4]
File: figs/tree.png Graphic file (type bmp)
<figs/tree.png>
) [5]
\openout2 = `contents/chap02.aux'.

 (./contents/chap02.tex
2

Overfull \hbox (9.17462pt too wide) in paragraph at lines 33--34
\TU/SimSun(0)/m/n/12.045            | \TU/TimesNewRoman(0)/m/n/12.
045 Rico \TU/SimSun(0)/m/n/12.045      |     \TU/TimesNewRoman(0)/m/n
/12.045 OpenLayers.Popup.AnchoredBubble
 []

[6




]) [7]
\openout2 = `contents/chap03.aux'.

 (./contents/chap03.tex
3
LaTeX Font Info:    Font shape `TU/XITSMath-Regular.otf(2)/m/n' will be
(Font)              scaled to size 12.04628pt on input line 6.
LaTeX Font Info:    Font shape `TU/XITSMath-Regular.otf(2)/m/n' will be
(Font)              scaled to size 9.03471pt on input line 6.
LaTeX Font Info:    Font shape `TU/XITSMath-Regular.otf(2)/m/n' will be
(Font)              scaled to size 7.22777pt on input line 6.
LaTeX Font Info:    Font shape `TU/XITSMath-Regular.otf(3)/m/n' will be
(Font)              scaled to size 12.0437pt on input line 6.
LaTeX Font Info:    Font shape `TU/XITSMath-Regular.otf(3)/m/n' will be
(Font)              scaled to size 9.03278pt on input line 6.
LaTeX Font Info:    Font shape `TU/XITSMath-Regular.otf(3)/m/n' will be
(Font)              scaled to size 7.22623pt on input line 6.

Package fontspec Info: Could not resolve font "FangSong/B" (it probably
(fontspec)             doesn't exist).


Package fontspec Info: Could not resolve font "FangSong/I" (it probably
(fontspec)             doesn't exist).


Package fontspec Info: Could not resolve font "FangSong/BI" (it probably
(fontspec)             doesn't exist).


Package fontspec Info: Font family 'FangSong(0)' created for font 'FangSong'
(fontspec)             with options
(fontspec)             [Script={CJK},UprightFont={*},AutoFakeBold={4},ItalicFon
t={*}].
(fontspec)              
(fontspec)              This font family consists of the following NFSS
(fontspec)             series/shapes:
(fontspec)              
(fontspec)             - 'normal' (m/n) with NFSS spec.:
(fontspec)             <->"FangSong/OT:script=hani;language=dflt;"
(fontspec)             - 'small caps'  (m/sc) with NFSS spec.: 
(fontspec)             - 'bold' (b/n) with NFSS spec.:
(fontspec)             <->"FangSong/OT:script=hani;language=dflt;embolden=4;"
(fontspec)             - 'bold small caps'  (b/sc) with NFSS spec.: 
(fontspec)             - 'italic' (m/it) with NFSS spec.:
(fontspec)             <->"FangSong/OT:script=hani;language=dflt;"
(fontspec)             - 'italic small caps'  (m/scit) with NFSS spec.: 


Overfull \hbox (5.4444pt too wide) in paragraph at lines 27--29
[]\TU/TimesNewRoman(0)/m/n/12.045 L[]T[]X \TU/SimSun(0)/m/n/12.045     \TU
/TimesNewRoman(0)/m/n/12.045 : [][]$[] [] [] [] [] [] [] [] [] [] [] [] [] [] [
] [] [] [] [] [] [] [] [] [] [] [] [] [] [] [] [] [] [] [] [] [] [] [] [] [] []
 [] [] [] [] []
 []

[8




]) [9]
\openout2 = `contents/chap04.aux'.

 (./contents/chap04.tex
4

Overfull \hbox (11.74773pt too wide) in paragraph at lines 18--21
\TU/SimSun(0)/m/n/12.045                 |        \TU/T
imesNewRoman(0)/m/n/12.045 biblatex \TU/SimSun(0)/m/n/12.045      \TU/Time
sNewRoman(0)/m/n/12.045 biblatex-gb7714-
 []

) [10




]
\openout2 = `contents/chap05.aux'.

 (./contents/chap05.tex
5
) [11




]
\openout2 = `contents/chap06.aux'.

 (./contents/chap06.tex
6
) [12




] [13




] (./contents/chap06-app1.tex
 A
LaTeX Font Info:    Font shape `TU/XITSMath-Regular.otf(2)/m/n' will be
(Font)              scaled to size 9.0347pt on input line 15.
LaTeX Font Info:    Font shape `TU/XITSMath-Regular.otf(2)/m/n' will be
(Font)              scaled to size 6.00064pt on input line 15.
LaTeX Font Info:    Font shape `TU/XITSMath-Regular.otf(3)/m/n' will be
(Font)              scaled to size 9.03276pt on input line 15.
LaTeX Font Info:    Font shape `TU/XITSMath-Regular.otf(3)/m/n' will be
(Font)              scaled to size 5.99936pt on input line 15.

Overfull \hbox (17.24677pt too wide) in paragraph at lines 18--19
\TU/SimSun(0)/m/n/12.045  |     | \TU/TimesNewRoman(0)/m/n/12.045   \T
U/SimSun(0)/m/n/12.045    \TU/TimesNewRoman(0)/m/n/12.045 \TU/SimSun(0)/m/
n/12.045 \TU/TimesNewRoman(0)/m/n/12.045   \TU/SimSun(0)/m/n/12.045    \T
U/TimesNewRoman(0)/m/n/12.045 \TU/SimSun(0)/m/n/12.045 |    [][]\TU/Courie
rNew(0)/m/n/12.045 \documentclass[]{nwafuthesis}[]\TU/SimSun(0)/m/n/12.045 
 []


Underfull \vbox (badness 6725) has occurred while \output is active []

 [14


]
Overfull \hbox (17.24677pt too wide) in paragraph at lines 32--33
\TU/SimSun(0)/m/n/12.045  |     | \TU/TimesNewRoman(0)/m/n/12.045   \T
U/SimSun(0)/m/n/12.045    \TU/TimesNewRoman(0)/m/n/12.045 \TU/SimSun(0)/m/
n/12.045 \TU/TimesNewRoman(0)/m/n/12.045   \TU/SimSun(0)/m/n/12.045    \T
U/TimesNewRoman(0)/m/n/12.045 \TU/SimSun(0)/m/n/12.045 |    [][]\TU/Courie
rNew(0)/m/n/12.045 \documentclass[]{nwafuthesis}[]\TU/SimSun(0)/m/n/12.045 
 []


Overfull \hbox (17.24677pt too wide) in paragraph at lines 46--47
\TU/SimSun(0)/m/n/12.045  |     | \TU/TimesNewRoman(0)/m/n/12.045   \T
U/SimSun(0)/m/n/12.045    \TU/TimesNewRoman(0)/m/n/12.045 \TU/SimSun(0)/m/
n/12.045 \TU/TimesNewRoman(0)/m/n/12.045   \TU/SimSun(0)/m/n/12.045    \T
U/TimesNewRoman(0)/m/n/12.045 \TU/SimSun(0)/m/n/12.045 |    [][]\TU/Courie
rNew(0)/m/n/12.045 \documentclass[]{nwafuthesis}[]\TU/SimSun(0)/m/n/12.045 
 []


Underfull \vbox (badness 1052) has occurred while \output is active []

 [15]
Overfull \hbox (17.24677pt too wide) in paragraph at lines 60--61
\TU/SimSun(0)/m/n/12.045  |     | \TU/TimesNewRoman(0)/m/n/12.045   \T
U/SimSun(0)/m/n/12.045    \TU/TimesNewRoman(0)/m/n/12.045 \TU/SimSun(0)/m/
n/12.045 \TU/TimesNewRoman(0)/m/n/12.045   \TU/SimSun(0)/m/n/12.045    \T
U/TimesNewRoman(0)/m/n/12.045 \TU/SimSun(0)/m/n/12.045 |    [][]\TU/Courie
rNew(0)/m/n/12.045 \documentclass[]{nwafuthesis}[]\TU/SimSun(0)/m/n/12.045 
 []


Overfull \hbox (17.24677pt too wide) in paragraph at lines 74--75
\TU/SimSun(0)/m/n/12.045  |     | \TU/TimesNewRoman(0)/m/n/12.045   \T
U/SimSun(0)/m/n/12.045    \TU/TimesNewRoman(0)/m/n/12.045 \TU/SimSun(0)/m/
n/12.045 \TU/TimesNewRoman(0)/m/n/12.045   \TU/SimSun(0)/m/n/12.045    \T
U/TimesNewRoman(0)/m/n/12.045 \TU/SimSun(0)/m/n/12.045 |    [][]\TU/Courie
rNew(0)/m/n/12.045 \documentclass[]{nwafuthesis}[]\TU/SimSun(0)/m/n/12.045 
 []


Underfull \vbox (badness 10000) has occurred while \output is active []

 [16]
File: ./logo//nwafu-circle.pdf Graphic file (type pdf)
<use ./logo//nwafu-circle.pdf>

Underfull \vbox (badness 10000) has occurred while \output is active []

 [17])
(./contents/chap07-app2.tex [18]
 B
[19

] [20]) [21] (./contents/chap08-ack.tex
Underfull \hbox (badness 10000) in paragraph at lines 50--51

 []

[22



] [23] [24] [25] [26] [27]) (./contents/resume.tex [28])
\tf@thm=\write8
\openout8 = `main.thm'.



Package caption Warning: Unused \captionsetup[bi-second] on input line 14.
See the caption package documentation for explanation.

[29

] (./main.aux (./contents/chap01.aux) (./contents/chap02.aux)
(./contents/chap03.aux) (./contents/chap04.aux) (./contents/chap05.aux)
(./contents/chap06.aux))

LaTeX Font Warning: Some font shapes were not available, defaults substituted.

Package rerunfilecheck Info: File `main.out' has not changed.
(rerunfilecheck)             Checksum: D10DD185D5E72B7FC7524E7A3292373C;11285.
Package logreq Info: Writing requests to 'main.run.xml'.
\openout1 = `main.run.xml'.

 ) 
Here is how much of TeX's memory you used:
 52416 strings out of 476179
 1131920 string characters out of 5812191
 2105874 words of memory out of 5000000
 72270 multiletter control sequences out of 15000+600000
 478177 words of font info for 173 fonts, out of 8000000 for 9000
 1348 hyphenation exceptions out of 8191
 103i,12n,115p,1828b,5268s stack positions out of 10000i,1000n,20000p,200000b,200000s

Output written on main.pdf (39 pages).
